2025-05-05 09:53:31,556 INFO: Connected to PostgreSQL database [in /home/trovas/Downloads/web-design/internet-portal/server/app/__init__.py:114]
2025-05-05 10:03:56,965 INFO: Internet Portal startup [in /home/trovas/Downloads/web-design/internet-portal/server/app/__init__.py:84]
2025-05-05 10:03:57,018 INFO: Connected to PostgreSQL database [in /home/trovas/Downloads/web-design/internet-portal/server/app/__init__.py:114]
2025-05-05 10:04:04,313 INFO: Internet Portal startup [in /home/trovas/Downloads/web-design/internet-portal/server/app/__init__.py:84]
2025-05-05 10:04:04,363 INFO: Connected to PostgreSQL database [in /home/trovas/Downloads/web-design/internet-portal/server/app/__init__.py:114]
2025-05-05 10:05:19,799 INFO: Internet Portal startup [in /home/trovas/Downloads/web-design/internet-portal/server/app/__init__.py:84]
2025-05-05 10:05:19,849 INFO: Connected to PostgreSQL database [in /home/trovas/Downloads/web-design/internet-portal/server/app/__init__.py:114]
2025-05-05 10:10:15,029 INFO: Internet Portal startup [in /home/trovas/Downloads/web-design/internet-portal/server/app/__init__.py:84]
2025-05-05 10:10:15,077 INFO: Connected to PostgreSQL database [in /home/trovas/Downloads/web-design/internet-portal/server/app/__init__.py:114]
2025-05-05 13:42:18,823 INFO: Internet Portal startup [in /home/trovas/Downloads/web-design/internet-portal/server/app/__init__.py:84]
2025-05-05 13:42:18,998 INFO: Connected to PostgreSQL database [in /home/trovas/Downloads/web-design/internet-portal/server/app/__init__.py:114]
2025-05-05 13:44:46,142 INFO: Internet Portal startup [in /home/trovas/Downloads/web-design/internet-portal/server/app/__init__.py:84]
2025-05-05 13:44:46,226 INFO: Connected to PostgreSQL database [in /home/trovas/Downloads/web-design/internet-portal/server/app/__init__.py:114]
2025-05-05 13:49:12,698 INFO: Internet Portal startup [in /home/trovas/Downloads/web-design/internet-portal/server/app/__init__.py:84]
2025-05-05 13:49:12,745 INFO: Connected to PostgreSQL database [in /home/trovas/Downloads/web-design/internet-portal/server/app/__init__.py:114]
2025-05-05 13:49:19,578 INFO: Internet Portal startup [in /home/trovas/Downloads/web-design/internet-portal/server/app/__init__.py:84]
2025-05-05 13:49:19,628 INFO: Connected to PostgreSQL database [in /home/trovas/Downloads/web-design/internet-portal/server/app/__init__.py:114]
2025-05-05 13:51:21,381 INFO: Admin login attempt: Username/password verified for username=superadmin, temp token issued [in /home/trovas/Downloads/web-design/internet-portal/server/app/routes/admin.py:35]
2025-05-05 16:39:46,040 INFO: Internet Portal startup [in /home/trovas/Downloads/web-design/internet-portal/server/app/__init__.py:84]
2025-05-05 16:39:46,157 INFO: Connected to PostgreSQL database [in /home/trovas/Downloads/web-design/internet-portal/server/app/__init__.py:114]
2025-05-05 16:39:47,307 INFO: Internet Portal startup [in /home/trovas/Downloads/web-design/internet-portal/server/app/__init__.py:84]
2025-05-05 16:39:47,355 INFO: Connected to PostgreSQL database [in /home/trovas/Downloads/web-design/internet-portal/server/app/__init__.py:114]
2025-05-05 20:18:50,371 INFO: Internet Portal startup [in /home/trovas/Downloads/web-design/internet-portal/server/app/__init__.py:84]
2025-05-05 20:18:50,438 INFO: Connected to PostgreSQL database [in /home/trovas/Downloads/web-design/internet-portal/server/app/__init__.py:114]
2025-05-05 20:18:51,532 INFO: Internet Portal startup [in /home/trovas/Downloads/web-design/internet-portal/server/app/__init__.py:84]
2025-05-05 20:18:51,568 INFO: Connected to PostgreSQL database [in /home/trovas/Downloads/web-design/internet-portal/server/app/__init__.py:114]
2025-05-05 20:20:02,565 INFO: Internet Portal startup [in /home/trovas/Downloads/web-design/internet-portal/server/app/__init__.py:84]
2025-05-05 20:20:02,610 INFO: Connected to PostgreSQL database [in /home/trovas/Downloads/web-design/internet-portal/server/app/__init__.py:114]
2025-05-05 20:24:18,881 INFO: Internet Portal startup [in /home/trovas/Downloads/web-design/internet-portal/server/app/__init__.py:84]
2025-05-05 20:24:18,924 INFO: Connected to PostgreSQL database [in /home/trovas/Downloads/web-design/internet-portal/server/app/__init__.py:114]
2025-05-05 20:24:26,055 INFO: Internet Portal startup [in /home/trovas/Downloads/web-design/internet-portal/server/app/__init__.py:84]
2025-05-05 20:24:26,095 INFO: Connected to PostgreSQL database [in /home/trovas/Downloads/web-design/internet-portal/server/app/__init__.py:114]
2025-05-05 20:26:59,626 INFO: Admin login attempt: Username/password verified for username=superadmin, temp token issued [in /home/trovas/Downloads/web-design/internet-portal/server/app/routes/admin.py:35]
2025-05-05 20:30:54,584 INFO: Internet Portal startup [in /home/trovas/Downloads/web-design/internet-portal/server/app/__init__.py:84]
2025-05-05 20:30:54,642 INFO: Connected to PostgreSQL database [in /home/trovas/Downloads/web-design/internet-portal/server/app/__init__.py:114]
2025-05-05 20:31:03,456 INFO: Internet Portal startup [in /home/trovas/Downloads/web-design/internet-portal/server/app/__init__.py:84]
2025-05-05 20:31:03,517 INFO: Connected to PostgreSQL database [in /home/trovas/Downloads/web-design/internet-portal/server/app/__init__.py:114]
2025-05-05 21:22:47,797 INFO: Internet Portal startup [in /home/trovas/Downloads/web-design/internet-portal/server/app/__init__.py:84]
2025-05-05 21:22:47,854 INFO: Connected to PostgreSQL database [in /home/trovas/Downloads/web-design/internet-portal/server/app/__init__.py:114]
2025-05-05 21:22:57,157 INFO: Internet Portal startup [in /home/trovas/Downloads/web-design/internet-portal/server/app/__init__.py:84]
2025-05-05 21:22:57,224 INFO: Connected to PostgreSQL database [in /home/trovas/Downloads/web-design/internet-portal/server/app/__init__.py:114]
2025-05-05 21:23:49,078 INFO: Internet Portal startup [in /home/trovas/Downloads/web-design/internet-portal/server/app/__init__.py:84]
2025-05-05 21:23:49,127 INFO: Connected to PostgreSQL database [in /home/trovas/Downloads/web-design/internet-portal/server/app/__init__.py:114]
2025-05-05 21:23:50,442 INFO: Internet Portal startup [in /home/trovas/Downloads/web-design/internet-portal/server/app/__init__.py:84]
2025-05-05 21:23:50,491 INFO: Connected to PostgreSQL database [in /home/trovas/Downloads/web-design/internet-portal/server/app/__init__.py:114]
2025-05-05 21:23:54,998 WARNING: Admin login attempt failed: Missing username or password [in /home/trovas/Downloads/web-design/internet-portal/server/app/routes/admin.py:22]
2025-05-05 21:24:20,557 WARNING: Admin login attempt failed: Missing username or password [in /home/trovas/Downloads/web-design/internet-portal/server/app/routes/admin.py:22]
2025-05-05 21:25:15,896 INFO: Admin login attempt: Username/password verified for username=superadmin, temp token issued [in /home/trovas/Downloads/web-design/internet-portal/server/app/routes/admin.py:35]
2025-05-05 21:46:52,282 INFO: Internet Portal startup [in /home/trovas/Downloads/web-design/internet-portal/server/app/__init__.py:84]
2025-05-05 21:46:52,333 INFO: Connected to PostgreSQL database [in /home/trovas/Downloads/web-design/internet-portal/server/app/__init__.py:114]
2025-05-05 21:46:53,675 INFO: Internet Portal startup [in /home/trovas/Downloads/web-design/internet-portal/server/app/__init__.py:84]
2025-05-05 21:46:53,724 INFO: Connected to PostgreSQL database [in /home/trovas/Downloads/web-design/internet-portal/server/app/__init__.py:114]
2025-05-05 21:47:01,622 INFO: Admin login attempt: Username/password verified for username=superadmin, temp token issued [in /home/trovas/Downloads/web-design/internet-portal/server/app/routes/admin.py:35]
2025-05-05 21:47:38,878 WARNING: Admin TOTP verification failed: Invalid code [in /home/trovas/Downloads/web-design/internet-portal/server/app/routes/admin.py:74]
2025-05-05 22:00:06,358 INFO: Internet Portal startup [in /home/trovas/Downloads/web-design/internet-portal/server/app/__init__.py:84]
2025-05-05 22:00:06,515 INFO: Connected to PostgreSQL database [in /home/trovas/Downloads/web-design/internet-portal/server/app/__init__.py:114]
2025-05-05 22:02:22,322 INFO: Admin login attempt: Username/password verified for username=superadmin, temp token issued [in /home/trovas/Downloads/web-design/internet-portal/server/app/routes/admin.py:35]
2025-05-05 22:06:00,258 INFO: Admin login attempt: Username/password verified for username=superadmin, temp token issued [in /home/trovas/Downloads/web-design/internet-portal/server/app/routes/admin.py:35]
2025-05-05 22:07:31,753 INFO: Admin login attempt: Username/password verified for username=superadmin, temp token issued [in /home/trovas/Downloads/web-design/internet-portal/server/app/routes/admin.py:35]
2025-05-05 22:13:50,077 INFO: Internet Portal startup [in /home/trovas/Downloads/web-design/internet-portal/server/app/__init__.py:84]
2025-05-05 22:13:50,107 INFO: Connected to PostgreSQL database [in /home/trovas/Downloads/web-design/internet-portal/server/app/__init__.py:114]
2025-05-05 22:13:57,667 INFO: Internet Portal startup [in /home/trovas/Downloads/web-design/internet-portal/server/app/__init__.py:84]
2025-05-05 22:13:57,713 INFO: Connected to PostgreSQL database [in /home/trovas/Downloads/web-design/internet-portal/server/app/__init__.py:114]
2025-05-05 22:14:46,133 INFO: Admin login attempt: Username/password verified for username=superadmin, temp token issued [in /home/trovas/Downloads/web-design/internet-portal/server/app/routes/admin.py:35]
2025-05-05 22:14:46,179 WARNING: Unauthorized attempt to generate codes: user_id=7 [in /home/trovas/Downloads/web-design/internet-portal/server/app/routes/payments.py:222]
2025-05-05 22:26:38,526 INFO: Internet Portal startup [in /home/trovas/Downloads/web-design/internet-portal/server/app/__init__.py:84]
2025-05-05 22:26:38,563 INFO: Connected to PostgreSQL database [in /home/trovas/Downloads/web-design/internet-portal/server/app/__init__.py:114]
2025-05-05 22:28:14,316 INFO: Internet Portal startup [in /home/trovas/Downloads/web-design/internet-portal/server/app/__init__.py:84]
2025-05-05 22:28:14,349 INFO: Connected to PostgreSQL database [in /home/trovas/Downloads/web-design/internet-portal/server/app/__init__.py:114]
2025-05-05 22:28:42,092 INFO: Internet Portal startup [in /home/trovas/Downloads/web-design/internet-portal/server/app/__init__.py:84]
2025-05-05 22:28:42,128 INFO: Connected to PostgreSQL database [in /home/trovas/Downloads/web-design/internet-portal/server/app/__init__.py:114]
2025-05-05 22:28:43,092 INFO: Internet Portal startup [in /home/trovas/Downloads/web-design/internet-portal/server/app/__init__.py:84]
2025-05-05 22:28:43,122 INFO: Connected to PostgreSQL database [in /home/trovas/Downloads/web-design/internet-portal/server/app/__init__.py:114]
2025-05-05 22:28:53,154 INFO: Admin login attempt: Username/password verified for username=superadmin, temp token issued [in /home/trovas/Downloads/web-design/internet-portal/server/app/routes/admin.py:35]
2025-05-05 22:28:53,186 WARNING: Admin TOTP verification failed: Invalid code [in /home/trovas/Downloads/web-design/internet-portal/server/app/routes/admin.py:74]
2025-05-05 22:29:14,406 INFO: Internet Portal startup [in /home/trovas/Downloads/web-design/internet-portal/server/app/__init__.py:84]
2025-05-05 22:29:14,439 INFO: Connected to PostgreSQL database [in /home/trovas/Downloads/web-design/internet-portal/server/app/__init__.py:114]
2025-05-05 22:31:36,909 INFO: Admin login attempt: Username/password verified for username=superadmin, temp token issued [in /home/trovas/Downloads/web-design/internet-portal/server/app/routes/admin.py:35]
2025-05-05 22:31:36,934 WARNING: Admin TOTP verification failed: Invalid code [in /home/trovas/Downloads/web-design/internet-portal/server/app/routes/admin.py:74]
2025-05-05 22:32:12,667 INFO: Internet Portal startup [in /home/trovas/Downloads/web-design/internet-portal/server/app/__init__.py:84]
2025-05-05 22:32:12,710 INFO: Connected to PostgreSQL database [in /home/trovas/Downloads/web-design/internet-portal/server/app/__init__.py:114]
2025-05-05 22:32:33,553 INFO: Internet Portal startup [in /home/trovas/Downloads/web-design/internet-portal/server/app/__init__.py:84]
2025-05-05 22:32:33,589 INFO: Connected to PostgreSQL database [in /home/trovas/Downloads/web-design/internet-portal/server/app/__init__.py:114]
2025-05-05 22:40:17,041 INFO: Internet Portal startup [in /home/trovas/Downloads/web-design/internet-portal/server/app/__init__.py:84]
2025-05-05 22:40:17,082 INFO: Connected to PostgreSQL database [in /home/trovas/Downloads/web-design/internet-portal/server/app/__init__.py:114]
2025-05-05 22:40:30,236 INFO: Internet Portal startup [in /home/trovas/Downloads/web-design/internet-portal/server/app/__init__.py:84]
2025-05-05 22:40:30,267 INFO: Connected to PostgreSQL database [in /home/trovas/Downloads/web-design/internet-portal/server/app/__init__.py:114]
2025-05-05 22:41:13,297 INFO: Internet Portal startup [in /home/trovas/Downloads/web-design/internet-portal/server/app/__init__.py:84]
2025-05-05 22:41:13,344 INFO: Connected to PostgreSQL database [in /home/trovas/Downloads/web-design/internet-portal/server/app/__init__.py:114]
2025-05-05 22:41:14,380 INFO: Internet Portal startup [in /home/trovas/Downloads/web-design/internet-portal/server/app/__init__.py:84]
2025-05-05 22:41:14,415 INFO: Connected to PostgreSQL database [in /home/trovas/Downloads/web-design/internet-portal/server/app/__init__.py:114]
2025-05-05 22:41:26,423 ERROR: Admin login error: Unexpected error - cannot access local variable 'admin' where it is not associated with a value [in /home/trovas/Downloads/web-design/internet-portal/server/app/routes/admin.py:54]
2025-05-05 22:42:54,640 INFO: Internet Portal startup [in /home/trovas/Downloads/web-design/internet-portal/server/app/__init__.py:84]
2025-05-05 22:42:54,681 INFO: Connected to PostgreSQL database [in /home/trovas/Downloads/web-design/internet-portal/server/app/__init__.py:114]
2025-05-05 22:47:11,525 INFO: Fetching available packages [in /home/trovas/Downloads/web-design/internet-portal/server/app/routes/payments.py:29]
2025-05-05 22:47:11,542 INFO: Fetching available packages [in /home/trovas/Downloads/web-design/internet-portal/server/app/routes/payments.py:29]
2025-05-05 22:47:24,070 INFO: MTN MoMo access token obtained [in /home/trovas/Downloads/web-design/internet-portal/server/app/utils/momo_api.py:46]
2025-05-05 22:47:27,017 INFO: Payment initiated: transaction_id=8e68704c-0e80-4386-8169-89ccc92f4ae4, phone=+256786673468 [in /home/trovas/Downloads/web-design/internet-portal/server/app/utils/momo_api.py:92]
2025-05-05 22:47:27,047 INFO: Payment initiated: transaction_id=8e68704c-0e80-4386-8169-89ccc92f4ae4, phone=+256786673468 [in /home/trovas/Downloads/web-design/internet-portal/server/app/routes/payments.py:100]
2025-05-05 22:47:41,465 INFO: MTN MoMo access token obtained [in /home/trovas/Downloads/web-design/internet-portal/server/app/utils/momo_api.py:46]
2025-05-05 22:47:41,755 INFO: MTN MoMo access token obtained [in /home/trovas/Downloads/web-design/internet-portal/server/app/utils/momo_api.py:46]
2025-05-05 22:47:44,426 INFO: Payment verified: transaction_id=8e68704c-0e80-4386-8169-89ccc92f4ae4, status=SUCCESSFUL [in /home/trovas/Downloads/web-design/internet-portal/server/app/utils/momo_api.py:135]
2025-05-05 22:47:44,435 INFO: Payment verified: transaction_id=8e68704c-0e80-4386-8169-89ccc92f4ae4, status=SUCCESSFUL [in /home/trovas/Downloads/web-design/internet-portal/server/app/routes/payments.py:167]
2025-05-05 22:47:44,744 INFO: Payment verified: transaction_id=8e68704c-0e80-4386-8169-89ccc92f4ae4, status=SUCCESSFUL [in /home/trovas/Downloads/web-design/internet-portal/server/app/utils/momo_api.py:135]
2025-05-05 22:47:44,752 INFO: Payment verified: transaction_id=8e68704c-0e80-4386-8169-89ccc92f4ae4, status=SUCCESSFUL [in /home/trovas/Downloads/web-design/internet-portal/server/app/routes/payments.py:167]
2025-05-05 22:47:50,545 INFO: MTN MoMo access token obtained [in /home/trovas/Downloads/web-design/internet-portal/server/app/utils/momo_api.py:46]
2025-05-05 22:47:50,576 INFO: MTN MoMo access token obtained [in /home/trovas/Downloads/web-design/internet-portal/server/app/utils/momo_api.py:46]
2025-05-05 22:47:54,215 INFO: Payment verified: transaction_id=8e68704c-0e80-4386-8169-89ccc92f4ae4, status=SUCCESSFUL [in /home/trovas/Downloads/web-design/internet-portal/server/app/utils/momo_api.py:135]
2025-05-05 22:47:54,228 INFO: Payment verified: transaction_id=8e68704c-0e80-4386-8169-89ccc92f4ae4, status=SUCCESSFUL [in /home/trovas/Downloads/web-design/internet-portal/server/app/routes/payments.py:167]
2025-05-05 22:47:54,581 INFO: Payment verified: transaction_id=8e68704c-0e80-4386-8169-89ccc92f4ae4, status=SUCCESSFUL [in /home/trovas/Downloads/web-design/internet-portal/server/app/utils/momo_api.py:135]
2025-05-05 22:47:54,598 INFO: Payment verified: transaction_id=8e68704c-0e80-4386-8169-89ccc92f4ae4, status=SUCCESSFUL [in /home/trovas/Downloads/web-design/internet-portal/server/app/routes/payments.py:167]
2025-05-05 22:48:07,964 INFO: MTN MoMo access token obtained [in /home/trovas/Downloads/web-design/internet-portal/server/app/utils/momo_api.py:46]
2025-05-05 22:48:10,428 INFO: Payment verified: transaction_id=8e68704c-0e80-4386-8169-89ccc92f4ae4, status=SUCCESSFUL [in /home/trovas/Downloads/web-design/internet-portal/server/app/utils/momo_api.py:135]
2025-05-05 22:48:10,436 INFO: Payment verified: transaction_id=8e68704c-0e80-4386-8169-89ccc92f4ae4, status=SUCCESSFUL [in /home/trovas/Downloads/web-design/internet-portal/server/app/routes/payments.py:167]
2025-05-05 22:53:52,349 INFO: Internet Portal startup [in /home/trovas/Downloads/web-design/internet-portal/server/app/__init__.py:84]
2025-05-05 22:53:52,398 INFO: Connected to PostgreSQL database [in /home/trovas/Downloads/web-design/internet-portal/server/app/__init__.py:114]
2025-05-05 23:08:55,967 ERROR: Admin login error: Unexpected error - cannot access local variable 'admin' where it is not associated with a value [in /home/trovas/Downloads/web-design/internet-portal/server/app/routes/admin.py:54]
2025-05-05 23:09:15,818 INFO: Internet Portal startup [in /home/trovas/Downloads/web-design/internet-portal/server/app/__init__.py:84]
2025-05-05 23:09:15,900 INFO: Connected to PostgreSQL database [in /home/trovas/Downloads/web-design/internet-portal/server/app/__init__.py:114]
2025-05-05 23:10:24,978 INFO: Internet Portal startup [in /home/trovas/Downloads/web-design/internet-portal/server/app/__init__.py:84]
2025-05-05 23:10:25,029 INFO: Connected to PostgreSQL database [in /home/trovas/Downloads/web-design/internet-portal/server/app/__init__.py:114]
2025-05-05 23:10:38,932 INFO: Internet Portal startup [in /home/trovas/Downloads/web-design/internet-portal/server/app/__init__.py:84]
2025-05-05 23:10:38,984 INFO: Connected to PostgreSQL database [in /home/trovas/Downloads/web-design/internet-portal/server/app/__init__.py:114]
2025-05-05 23:12:04,690 INFO: Admin login attempt: Username/password verified for username=superadmin, temp token issued [in /home/trovas/Downloads/web-design/internet-portal/server/app/routes/admin.py:45]
2025-05-05 23:12:04,876 INFO: Generated 5 access codes for plan_id=1 by user_id=1 [in /home/trovas/Downloads/web-design/internet-portal/server/app/routes/payments.py:265]
2025-05-05 23:23:09,801 INFO: Admin login attempt: Username/password verified for username=superadmin, temp token issued [in /home/trovas/Downloads/web-design/internet-portal/server/app/routes/admin.py:45]
2025-05-05 23:23:10,568 INFO: Generated 99 access codes for plan_id=1 by user_id=1 [in /home/trovas/Downloads/web-design/internet-portal/server/app/routes/payments.py:265]
2025-05-06 00:06:18,661 INFO: MTN MoMo access token obtained [in /home/trovas/Downloads/web-design/internet-portal/server/app/utils/momo_api.py:46]
2025-05-06 00:06:19,575 INFO: Payment verified: transaction_id=8e68704c-0e80-4386-8169-89ccc92f4ae4, status=SUCCESSFUL [in /home/trovas/Downloads/web-design/internet-portal/server/app/utils/momo_api.py:135]
2025-05-06 00:06:19,699 INFO: Payment verified: transaction_id=8e68704c-0e80-4386-8169-89ccc92f4ae4, status=SUCCESSFUL [in /home/trovas/Downloads/web-design/internet-portal/server/app/routes/payments.py:167]
2025-05-06 00:06:22,813 INFO: MTN MoMo access token obtained [in /home/trovas/Downloads/web-design/internet-portal/server/app/utils/momo_api.py:46]
2025-05-06 00:06:24,055 INFO: Payment verified: transaction_id=8e68704c-0e80-4386-8169-89ccc92f4ae4, status=SUCCESSFUL [in /home/trovas/Downloads/web-design/internet-portal/server/app/utils/momo_api.py:135]
2025-05-06 00:06:24,072 INFO: Payment verified: transaction_id=8e68704c-0e80-4386-8169-89ccc92f4ae4, status=SUCCESSFUL [in /home/trovas/Downloads/web-design/internet-portal/server/app/routes/payments.py:167]
2025-05-06 00:14:19,656 INFO: Fetching available packages [in /home/trovas/Downloads/web-design/internet-portal/server/app/routes/payments.py:29]
2025-05-06 00:14:19,691 INFO: Fetching available packages [in /home/trovas/Downloads/web-design/internet-portal/server/app/routes/payments.py:29]
2025-05-06 00:15:37,212 INFO: Admin login attempt: Username/password verified for username=superadmin, temp token issued [in /home/trovas/Downloads/web-design/internet-portal/server/app/routes/admin.py:45]
2025-05-06 00:15:50,024 INFO: current user fetched: user_id=1 [in /home/trovas/Downloads/web-design/internet-portal/server/app/routes/auth.py:234]
2025-05-06 00:15:50,037 INFO: current user fetched: user_id=1 [in /home/trovas/Downloads/web-design/internet-portal/server/app/routes/auth.py:234]
2025-05-06 00:15:58,407 INFO: Fetching available packages [in /home/trovas/Downloads/web-design/internet-portal/server/app/routes/payments.py:29]
2025-05-06 00:15:58,419 INFO: current user fetched: user_id=1 [in /home/trovas/Downloads/web-design/internet-portal/server/app/routes/auth.py:234]
2025-05-06 00:15:58,432 INFO: Fetching available packages [in /home/trovas/Downloads/web-design/internet-portal/server/app/routes/payments.py:29]
2025-05-06 00:15:58,443 INFO: current user fetched: user_id=1 [in /home/trovas/Downloads/web-design/internet-portal/server/app/routes/auth.py:234]
2025-05-06 00:47:42,306 INFO: Fetching available packages [in /home/trovas/Downloads/web-design/internet-portal/server/app/routes/payments.py:29]
2025-05-06 00:47:42,347 INFO: Fetching available packages [in /home/trovas/Downloads/web-design/internet-portal/server/app/routes/payments.py:29]
2025-05-06 00:47:48,322 INFO: Fetching available packages [in /home/trovas/Downloads/web-design/internet-portal/server/app/routes/payments.py:29]
2025-05-06 00:48:18,798 INFO: Admin login attempt: Username/password verified for username=superadmin, temp token issued [in /home/trovas/Downloads/web-design/internet-portal/server/app/routes/admin.py:45]
2025-05-06 00:49:03,291 INFO: Admin login attempt: Username/password verified for username=superadmin, temp token issued [in /home/trovas/Downloads/web-design/internet-portal/server/app/routes/admin.py:45]
2025-05-06 00:49:52,514 INFO: Admin login attempt: Username/password verified for username=superadmin, temp token issued [in /home/trovas/Downloads/web-design/internet-portal/server/app/routes/admin.py:45]
2025-05-06 09:48:07,364 INFO: Internet Portal startup [in /home/trovas/Downloads/web-design/internet-portal/server/app/__init__.py:84]
2025-05-06 09:48:07,434 INFO: Connected to PostgreSQL database [in /home/trovas/Downloads/web-design/internet-portal/server/app/__init__.py:114]
2025-05-06 09:48:08,438 INFO: Internet Portal startup [in /home/trovas/Downloads/web-design/internet-portal/server/app/__init__.py:84]
2025-05-06 09:48:08,472 INFO: Connected to PostgreSQL database [in /home/trovas/Downloads/web-design/internet-portal/server/app/__init__.py:114]
2025-05-06 10:11:35,313 INFO: Admin login attempt: Username/password verified for username=superadmin, temp token issued [in /home/trovas/Downloads/web-design/internet-portal/server/app/routes/admin.py:45]
2025-05-06 10:12:11,022 INFO: Admin login attempt: Username/password verified for username=superadmin, temp token issued [in /home/trovas/Downloads/web-design/internet-portal/server/app/routes/admin.py:45]
2025-05-06 10:13:38,154 INFO: Internet Portal startup [in /home/trovas/Downloads/web-design/internet-portal/server/app/__init__.py:84]
2025-05-06 10:13:38,344 INFO: Connected to PostgreSQL database [in /home/trovas/Downloads/web-design/internet-portal/server/app/__init__.py:114]
2025-05-06 10:25:14,972 INFO: Admin login attempt: Username/password verified for username=superadmin, temp token issued [in /home/trovas/Downloads/web-design/internet-portal/server/app/routes/admin.py:45]
2025-05-06 10:25:31,827 INFO: current user fetched: user_id=1 [in /home/trovas/Downloads/web-design/internet-portal/server/app/routes/auth.py:234]
2025-05-06 10:25:31,854 INFO: current user fetched: user_id=1 [in /home/trovas/Downloads/web-design/internet-portal/server/app/routes/auth.py:234]
2025-05-06 10:25:37,785 INFO: Fetching available packages [in /home/trovas/Downloads/web-design/internet-portal/server/app/routes/payments.py:29]
2025-05-06 10:25:37,796 INFO: current user fetched: user_id=1 [in /home/trovas/Downloads/web-design/internet-portal/server/app/routes/auth.py:234]
2025-05-06 10:25:37,818 INFO: Fetching available packages [in /home/trovas/Downloads/web-design/internet-portal/server/app/routes/payments.py:29]
2025-05-06 10:25:37,828 INFO: current user fetched: user_id=1 [in /home/trovas/Downloads/web-design/internet-portal/server/app/routes/auth.py:234]
2025-05-06 10:25:40,780 INFO: Generated 1 access codes for plan_id=1 by user_id=1 [in /home/trovas/Downloads/web-design/internet-portal/server/app/routes/payments.py:265]
2025-05-06 10:26:06,043 INFO: Generated 10 access codes for plan_id=1 by user_id=1 [in /home/trovas/Downloads/web-design/internet-portal/server/app/routes/payments.py:265]
2025-05-06 10:26:57,226 INFO: current user fetched: user_id=1 [in /home/trovas/Downloads/web-design/internet-portal/server/app/routes/auth.py:234]
2025-05-06 10:27:06,182 INFO: Access code marked as pending: code=EYPKA33IR6DD [in /home/trovas/Downloads/web-design/internet-portal/server/app/routes/payments.py:347]
2025-05-06 10:27:47,567 INFO: Payment history fetched: user_id=1 [in /home/trovas/Downloads/web-design/internet-portal/server/app/routes/payments.py:199]
2025-05-06 10:27:47,611 INFO: Payment history fetched: user_id=1 [in /home/trovas/Downloads/web-design/internet-portal/server/app/routes/payments.py:199]
2025-05-06 10:27:47,739 INFO: current user fetched: user_id=1 [in /home/trovas/Downloads/web-design/internet-portal/server/app/routes/auth.py:234]
2025-05-06 10:27:47,750 INFO: current user fetched: user_id=1 [in /home/trovas/Downloads/web-design/internet-portal/server/app/routes/auth.py:234]
2025-05-06 10:27:54,026 INFO: current user fetched: user_id=1 [in /home/trovas/Downloads/web-design/internet-portal/server/app/routes/auth.py:234]
2025-05-06 10:27:54,051 INFO: current user fetched: user_id=1 [in /home/trovas/Downloads/web-design/internet-portal/server/app/routes/auth.py:234]
2025-05-06 10:32:34,640 INFO: Payment history fetched: user_id=1 [in /home/trovas/Downloads/web-design/internet-portal/server/app/routes/payments.py:199]
2025-05-06 10:32:34,655 INFO: Payment history fetched: user_id=1 [in /home/trovas/Downloads/web-design/internet-portal/server/app/routes/payments.py:199]
2025-05-06 10:32:34,756 INFO: current user fetched: user_id=1 [in /home/trovas/Downloads/web-design/internet-portal/server/app/routes/auth.py:234]
2025-05-06 10:32:34,783 INFO: current user fetched: user_id=1 [in /home/trovas/Downloads/web-design/internet-portal/server/app/routes/auth.py:234]
2025-05-06 10:32:38,790 INFO: current user fetched: user_id=1 [in /home/trovas/Downloads/web-design/internet-portal/server/app/routes/auth.py:234]
2025-05-06 10:32:38,799 INFO: Fetching available packages [in /home/trovas/Downloads/web-design/internet-portal/server/app/routes/payments.py:29]
2025-05-06 10:32:38,827 INFO: Fetching available packages [in /home/trovas/Downloads/web-design/internet-portal/server/app/routes/payments.py:29]
2025-05-06 10:32:38,829 INFO: current user fetched: user_id=1 [in /home/trovas/Downloads/web-design/internet-portal/server/app/routes/auth.py:234]
2025-05-06 10:38:37,533 INFO: Generated 1 access codes for plan_id=3 by user_id=1 [in /home/trovas/Downloads/web-design/internet-portal/server/app/routes/payments.py:265]
2025-05-06 10:38:51,263 INFO: Access code marked as pending: code=MJC953PNEOPS [in /home/trovas/Downloads/web-design/internet-portal/server/app/routes/payments.py:347]
2025-05-06 11:39:24,580 INFO: Internet Portal startup [in /home/trovas/Downloads/web-design/internet-portal/server/app/__init__.py:84]
2025-05-06 11:39:24,677 INFO: Connected to PostgreSQL database [in /home/trovas/Downloads/web-design/internet-portal/server/app/__init__.py:114]
2025-05-06 11:39:25,857 INFO: Internet Portal startup [in /home/trovas/Downloads/web-design/internet-portal/server/app/__init__.py:84]
2025-05-06 11:39:25,896 INFO: Connected to PostgreSQL database [in /home/trovas/Downloads/web-design/internet-portal/server/app/__init__.py:114]
2025-05-06 11:39:49,153 INFO: current user fetched: user_id=1 [in /home/trovas/Downloads/web-design/internet-portal/server/app/routes/auth.py:234]
2025-05-06 11:39:53,088 INFO: current user fetched: user_id=1 [in /home/trovas/Downloads/web-design/internet-portal/server/app/routes/auth.py:234]
2025-05-06 11:39:56,136 INFO: Fetching available packages [in /home/trovas/Downloads/web-design/internet-portal/server/app/routes/payments.py:29]
2025-05-06 11:39:56,142 INFO: current user fetched: user_id=1 [in /home/trovas/Downloads/web-design/internet-portal/server/app/routes/auth.py:234]
2025-05-06 11:40:46,097 INFO: Admin login attempt: Username/password verified for username=superadmin, temp token issued [in /home/trovas/Downloads/web-design/internet-portal/server/app/routes/admin.py:45]
2025-05-06 11:41:01,397 INFO: current user fetched: user_id=1 [in /home/trovas/Downloads/web-design/internet-portal/server/app/routes/auth.py:234]
2025-05-06 11:41:01,422 INFO: current user fetched: user_id=1 [in /home/trovas/Downloads/web-design/internet-portal/server/app/routes/auth.py:234]
2025-05-06 11:41:03,562 INFO: current user fetched: user_id=1 [in /home/trovas/Downloads/web-design/internet-portal/server/app/routes/auth.py:234]
2025-05-06 11:41:03,573 INFO: Fetching available packages [in /home/trovas/Downloads/web-design/internet-portal/server/app/routes/payments.py:29]
2025-05-06 11:41:03,618 INFO: Fetching available packages [in /home/trovas/Downloads/web-design/internet-portal/server/app/routes/payments.py:29]
2025-05-06 11:41:03,638 INFO: current user fetched: user_id=1 [in /home/trovas/Downloads/web-design/internet-portal/server/app/routes/auth.py:234]
2025-05-06 11:41:13,927 INFO: Generated 10 access codes for plan_id=1 by user_id=1 [in /home/trovas/Downloads/web-design/internet-portal/server/app/routes/payments.py:265]
2025-05-06 11:41:55,008 INFO: Access code marked as pending: code=5YNEGPL0E6KJ [in /home/trovas/Downloads/web-design/internet-portal/server/app/routes/payments.py:347]
2025-05-06 11:59:24,414 INFO: Internet Portal startup [in /home/trovas/Downloads/web-design/internet-portal/server/app/__init__.py:84]
2025-05-06 11:59:24,474 INFO: Connected to PostgreSQL database [in /home/trovas/Downloads/web-design/internet-portal/server/app/__init__.py:114]
2025-05-06 11:59:25,266 INFO: Internet Portal startup [in /home/trovas/Downloads/web-design/internet-portal/server/app/__init__.py:84]
2025-05-06 11:59:25,292 INFO: Connected to PostgreSQL database [in /home/trovas/Downloads/web-design/internet-portal/server/app/__init__.py:114]
2025-05-06 12:30:10,552 INFO: current user fetched: user_id=1 [in /home/trovas/Downloads/web-design/internet-portal/server/app/routes/auth.py:234]
2025-05-06 12:30:38,461 INFO: User logged out [in /home/trovas/Downloads/web-design/internet-portal/server/app/routes/auth.py:138]
2025-05-06 12:58:02,827 INFO: Internet Portal startup [in /home/trovas/Downloads/web-design/internet-portal/server/app/__init__.py:84]
2025-05-06 12:58:02,915 INFO: Connected to PostgreSQL database [in /home/trovas/Downloads/web-design/internet-portal/server/app/__init__.py:114]
2025-05-06 14:07:58,087 INFO: Internet Portal startup [in /home/trovas/Downloads/web-design/internet-portal/server/app/__init__.py:84]
2025-05-06 14:07:58,265 INFO: Connected to PostgreSQL database [in /home/trovas/Downloads/web-design/internet-portal/server/app/__init__.py:114]
2025-05-06 14:08:05,651 INFO: Internet Portal startup [in /home/trovas/Downloads/web-design/internet-portal/server/app/__init__.py:84]
2025-05-06 14:08:05,702 INFO: Connected to PostgreSQL database [in /home/trovas/Downloads/web-design/internet-portal/server/app/__init__.py:114]
2025-05-06 16:34:32,477 INFO: Internet Portal startup [in /home/trovas/Downloads/web-design/internet-portal/server/app/__init__.py:84]
2025-05-06 16:34:32,586 INFO: Connected to PostgreSQL database [in /home/trovas/Downloads/web-design/internet-portal/server/app/__init__.py:114]
2025-05-06 16:34:34,009 INFO: Internet Portal startup [in /home/trovas/Downloads/web-design/internet-portal/server/app/__init__.py:84]
2025-05-06 16:34:34,043 INFO: Connected to PostgreSQL database [in /home/trovas/Downloads/web-design/internet-portal/server/app/__init__.py:114]
2025-05-07 10:18:25,771 INFO: Internet Portal startup [in /home/trovas/Downloads/web-design/internet-portal/server/app/__init__.py:84]
2025-05-07 10:18:25,855 INFO: Connected to PostgreSQL database [in /home/trovas/Downloads/web-design/internet-portal/server/app/__init__.py:114]
2025-05-07 10:18:26,871 INFO: Internet Portal startup [in /home/trovas/Downloads/web-design/internet-portal/server/app/__init__.py:84]
2025-05-07 10:18:26,903 INFO: Connected to PostgreSQL database [in /home/trovas/Downloads/web-design/internet-portal/server/app/__init__.py:114]
2025-05-07 10:19:25,809 INFO: Transaction expired: transaction_id=8e68704c-0e80-4386-8169-89ccc92f4ae4, phone_number=+256786673468 [in /home/trovas/Downloads/web-design/internet-portal/server/app/__init__.py:99]
2025-05-07 10:19:25,809 INFO: Disconnecting user: phone_number=+256786673468 [in /home/trovas/Downloads/web-design/internet-portal/server/app/__init__.py:177]
2025-05-07 10:19:25,810 ERROR: Failed to disconnect user: phone_number=+256786673468, error=Failed to parse: http://router-ip:port/disconnect [in /home/trovas/Downloads/web-design/internet-portal/server/app/__init__.py:189]
2025-05-07 15:30:49,190 INFO: Internet Portal startup [in /home/trovas/Downloads/web-design/internet-portal/server/app/__init__.py:84]
2025-05-07 15:30:49,259 INFO: Connected to PostgreSQL database [in /home/trovas/Downloads/web-design/internet-portal/server/app/__init__.py:114]
2025-05-07 15:30:51,582 INFO: Internet Portal startup [in /home/trovas/Downloads/web-design/internet-portal/server/app/__init__.py:84]
2025-05-07 15:30:51,672 INFO: Connected to PostgreSQL database [in /home/trovas/Downloads/web-design/internet-portal/server/app/__init__.py:114]
2025-05-07 15:32:52,663 INFO: Fetching available packages [in /home/trovas/Downloads/web-design/internet-portal/server/app/routes/payments.py:29]
2025-05-07 15:32:52,674 INFO: Fetching available packages [in /home/trovas/Downloads/web-design/internet-portal/server/app/routes/payments.py:29]
2025-05-07 15:34:10,649 INFO: Fetching available packages [in /home/trovas/Downloads/web-design/internet-portal/server/app/routes/payments.py:29]
2025-05-07 15:46:20,519 INFO: Internet Portal startup [in /home/trovas/Downloads/web-design/internet-portal/server/app/__init__.py:84]
2025-05-07 15:46:20,679 INFO: Connected to PostgreSQL database [in /home/trovas/Downloads/web-design/internet-portal/server/app/__init__.py:114]
2025-05-07 15:46:30,292 INFO: Internet Portal startup [in /home/trovas/Downloads/web-design/internet-portal/server/app/__init__.py:84]
2025-05-07 15:46:30,375 INFO: Connected to PostgreSQL database [in /home/trovas/Downloads/web-design/internet-portal/server/app/__init__.py:114]
2025-05-07 15:52:50,598 INFO: Internet Portal startup [in /home/trovas/Downloads/web-design/internet-portal/server/app/__init__.py:84]
2025-05-07 15:52:50,659 INFO: Connected to PostgreSQL database [in /home/trovas/Downloads/web-design/internet-portal/server/app/__init__.py:114]
2025-05-07 15:53:00,785 INFO: Internet Portal startup [in /home/trovas/Downloads/web-design/internet-portal/server/app/__init__.py:84]
2025-05-07 15:53:00,853 INFO: Connected to PostgreSQL database [in /home/trovas/Downloads/web-design/internet-portal/server/app/__init__.py:114]
2025-05-07 16:01:17,748 INFO: Internet Portal startup [in /home/trovas/Downloads/web-design/internet-portal/server/app/__init__.py:84]
2025-05-07 16:01:17,797 INFO: Connected to PostgreSQL database [in /home/trovas/Downloads/web-design/internet-portal/server/app/__init__.py:114]
2025-05-07 16:02:33,879 INFO: Internet Portal startup [in /home/trovas/Downloads/web-design/internet-portal/server/app/__init__.py:84]
2025-05-07 16:02:33,949 INFO: Connected to PostgreSQL database [in /home/trovas/Downloads/web-design/internet-portal/server/app/__init__.py:114]
2025-05-07 16:02:38,683 INFO: Internet Portal startup [in /home/trovas/Downloads/web-design/internet-portal/server/app/__init__.py:84]
2025-05-07 16:02:38,729 INFO: Connected to PostgreSQL database [in /home/trovas/Downloads/web-design/internet-portal/server/app/__init__.py:114]
2025-05-07 16:03:04,166 INFO: Internet Portal startup [in /home/trovas/Downloads/web-design/internet-portal/server/app/__init__.py:84]
2025-05-07 16:03:04,279 INFO: Connected to PostgreSQL database [in /home/trovas/Downloads/web-design/internet-portal/server/app/__init__.py:114]
2025-05-07 16:14:40,482 INFO: Internet Portal startup [in /home/trovas/Downloads/web-design/internet-portal/server/app/__init__.py:84]
2025-05-07 16:14:40,585 INFO: Connected to PostgreSQL database [in /home/trovas/Downloads/web-design/internet-portal/server/app/__init__.py:114]
2025-05-07 16:14:55,665 INFO: Internet Portal startup [in /home/trovas/Downloads/web-design/internet-portal/server/app/__init__.py:84]
2025-05-07 16:14:55,714 INFO: Connected to PostgreSQL database [in /home/trovas/Downloads/web-design/internet-portal/server/app/__init__.py:114]
2025-05-07 16:15:01,973 INFO: Internet Portal startup [in /home/trovas/Downloads/web-design/internet-portal/server/app/__init__.py:84]
2025-05-07 16:15:02,024 INFO: Connected to PostgreSQL database [in /home/trovas/Downloads/web-design/internet-portal/server/app/__init__.py:114]
2025-05-07 16:40:35,316 INFO: Internet Portal startup [in /home/trovas/Downloads/web-design/internet-portal/server/app/__init__.py:84]
2025-05-07 16:40:35,454 INFO: Connected to PostgreSQL database [in /home/trovas/Downloads/web-design/internet-portal/server/app/__init__.py:114]
2025-05-07 16:41:15,718 INFO: Internet Portal startup [in /home/trovas/Downloads/web-design/internet-portal/server/app/__init__.py:84]
2025-05-07 16:41:15,774 INFO: Connected to PostgreSQL database [in /home/trovas/Downloads/web-design/internet-portal/server/app/__init__.py:114]
2025-05-07 16:41:55,528 INFO: Internet Portal startup [in /home/trovas/Downloads/web-design/internet-portal/server/app/__init__.py:84]
2025-05-07 16:41:55,684 INFO: Connected to PostgreSQL database [in /home/trovas/Downloads/web-design/internet-portal/server/app/__init__.py:114]
2025-05-07 16:41:59,010 INFO: Internet Portal startup [in /home/trovas/Downloads/web-design/internet-portal/server/app/__init__.py:84]
2025-05-07 16:41:59,058 INFO: Connected to PostgreSQL database [in /home/trovas/Downloads/web-design/internet-portal/server/app/__init__.py:114]
2025-05-07 16:44:32,312 INFO: Internet Portal startup [in /home/trovas/Downloads/web-design/internet-portal/server/app/__init__.py:84]
2025-05-07 16:44:32,378 INFO: Connected to PostgreSQL database [in /home/trovas/Downloads/web-design/internet-portal/server/app/__init__.py:114]
2025-05-07 16:45:01,729 INFO: Internet Portal startup [in /home/trovas/Downloads/web-design/internet-portal/server/app/__init__.py:84]
2025-05-07 16:45:01,835 INFO: Connected to PostgreSQL database [in /home/trovas/Downloads/web-design/internet-portal/server/app/__init__.py:114]
2025-05-07 16:45:05,423 INFO: Internet Portal startup [in /home/trovas/Downloads/web-design/internet-portal/server/app/__init__.py:84]
2025-05-07 16:45:05,502 INFO: Connected to PostgreSQL database [in /home/trovas/Downloads/web-design/internet-portal/server/app/__init__.py:114]
2025-05-07 16:45:09,152 INFO: Internet Portal startup [in /home/trovas/Downloads/web-design/internet-portal/server/app/__init__.py:84]
2025-05-07 16:45:09,209 INFO: Connected to PostgreSQL database [in /home/trovas/Downloads/web-design/internet-portal/server/app/__init__.py:114]
2025-05-07 16:45:28,831 INFO: Internet Portal startup [in /home/trovas/Downloads/web-design/internet-portal/server/app/__init__.py:84]
2025-05-07 16:45:28,881 INFO: Connected to PostgreSQL database [in /home/trovas/Downloads/web-design/internet-portal/server/app/__init__.py:114]
2025-05-07 16:45:34,156 INFO: Internet Portal startup [in /home/trovas/Downloads/web-design/internet-portal/server/app/__init__.py:84]
2025-05-07 16:45:34,248 INFO: Connected to PostgreSQL database [in /home/trovas/Downloads/web-design/internet-portal/server/app/__init__.py:114]
2025-05-07 16:45:41,541 INFO: Internet Portal startup [in /home/trovas/Downloads/web-design/internet-portal/server/app/__init__.py:84]
2025-05-07 16:45:41,588 INFO: Connected to PostgreSQL database [in /home/trovas/Downloads/web-design/internet-portal/server/app/__init__.py:114]
2025-05-07 16:45:45,544 INFO: Internet Portal startup [in /home/trovas/Downloads/web-design/internet-portal/server/app/__init__.py:84]
2025-05-07 16:45:45,592 INFO: Connected to PostgreSQL database [in /home/trovas/Downloads/web-design/internet-portal/server/app/__init__.py:114]
2025-05-07 16:45:51,031 INFO: Internet Portal startup [in /home/trovas/Downloads/web-design/internet-portal/server/app/__init__.py:84]
2025-05-07 16:45:51,081 INFO: Connected to PostgreSQL database [in /home/trovas/Downloads/web-design/internet-portal/server/app/__init__.py:114]
2025-05-07 16:45:57,031 INFO: Internet Portal startup [in /home/trovas/Downloads/web-design/internet-portal/server/app/__init__.py:84]
2025-05-07 16:45:57,079 INFO: Connected to PostgreSQL database [in /home/trovas/Downloads/web-design/internet-portal/server/app/__init__.py:114]
2025-05-07 16:46:00,231 INFO: Internet Portal startup [in /home/trovas/Downloads/web-design/internet-portal/server/app/__init__.py:84]
2025-05-07 16:46:00,307 INFO: Connected to PostgreSQL database [in /home/trovas/Downloads/web-design/internet-portal/server/app/__init__.py:114]
2025-05-07 16:46:02,285 INFO: Internet Portal startup [in /home/trovas/Downloads/web-design/internet-portal/server/app/__init__.py:84]
2025-05-07 16:46:02,365 INFO: Connected to PostgreSQL database [in /home/trovas/Downloads/web-design/internet-portal/server/app/__init__.py:114]
2025-05-07 16:46:06,954 INFO: Internet Portal startup [in /home/trovas/Downloads/web-design/internet-portal/server/app/__init__.py:84]
2025-05-07 16:46:07,005 INFO: Connected to PostgreSQL database [in /home/trovas/Downloads/web-design/internet-portal/server/app/__init__.py:114]
2025-05-07 16:46:12,356 INFO: Internet Portal startup [in /home/trovas/Downloads/web-design/internet-portal/server/app/__init__.py:84]
2025-05-07 16:46:12,408 INFO: Connected to PostgreSQL database [in /home/trovas/Downloads/web-design/internet-portal/server/app/__init__.py:114]
2025-05-07 16:46:33,173 INFO: Internet Portal startup [in /home/trovas/Downloads/web-design/internet-portal/server/app/__init__.py:84]
2025-05-07 16:46:33,233 INFO: Connected to PostgreSQL database [in /home/trovas/Downloads/web-design/internet-portal/server/app/__init__.py:114]
2025-05-07 16:46:36,790 INFO: Internet Portal startup [in /home/trovas/Downloads/web-design/internet-portal/server/app/__init__.py:84]
2025-05-07 16:46:36,840 INFO: Connected to PostgreSQL database [in /home/trovas/Downloads/web-design/internet-portal/server/app/__init__.py:114]
2025-05-07 16:46:41,071 INFO: Internet Portal startup [in /home/trovas/Downloads/web-design/internet-portal/server/app/__init__.py:84]
2025-05-07 16:46:41,135 INFO: Connected to PostgreSQL database [in /home/trovas/Downloads/web-design/internet-portal/server/app/__init__.py:114]
2025-05-07 16:46:45,334 INFO: Internet Portal startup [in /home/trovas/Downloads/web-design/internet-portal/server/app/__init__.py:84]
2025-05-07 16:46:45,405 INFO: Connected to PostgreSQL database [in /home/trovas/Downloads/web-design/internet-portal/server/app/__init__.py:114]
2025-05-07 16:46:48,519 INFO: Internet Portal startup [in /home/trovas/Downloads/web-design/internet-portal/server/app/__init__.py:84]
2025-05-07 16:46:48,568 INFO: Connected to PostgreSQL database [in /home/trovas/Downloads/web-design/internet-portal/server/app/__init__.py:114]
2025-05-07 16:46:51,461 INFO: Internet Portal startup [in /home/trovas/Downloads/web-design/internet-portal/server/app/__init__.py:84]
2025-05-07 16:46:51,530 INFO: Connected to PostgreSQL database [in /home/trovas/Downloads/web-design/internet-portal/server/app/__init__.py:114]
2025-05-07 16:47:24,947 INFO: Internet Portal startup [in /home/trovas/Downloads/web-design/internet-portal/server/app/__init__.py:84]
2025-05-07 16:47:25,003 INFO: Connected to PostgreSQL database [in /home/trovas/Downloads/web-design/internet-portal/server/app/__init__.py:114]
2025-05-07 16:47:56,981 INFO: Internet Portal startup [in /home/trovas/Downloads/web-design/internet-portal/server/app/__init__.py:84]
2025-05-07 16:47:57,049 INFO: Connected to PostgreSQL database [in /home/trovas/Downloads/web-design/internet-portal/server/app/__init__.py:114]
2025-05-07 16:48:03,991 INFO: Internet Portal startup [in /home/trovas/Downloads/web-design/internet-portal/server/app/__init__.py:84]
2025-05-07 16:48:04,054 INFO: Connected to PostgreSQL database [in /home/trovas/Downloads/web-design/internet-portal/server/app/__init__.py:114]
2025-05-07 16:50:36,158 INFO: Admin login attempt: Username/password verified for username=superadmin, temp token issued [in /home/trovas/Downloads/web-design/internet-portal/server/app/routes/admin.py:45]
2025-05-07 16:50:49,689 INFO: current user fetched: user_id=1 [in /home/trovas/Downloads/web-design/internet-portal/server/app/routes/auth.py:234]
2025-05-07 16:50:49,704 INFO: current user fetched: user_id=1 [in /home/trovas/Downloads/web-design/internet-portal/server/app/routes/auth.py:234]
2025-05-07 16:50:55,709 INFO: Fetching available packages [in /home/trovas/Downloads/web-design/internet-portal/server/app/routes/payments.py:29]
2025-05-07 16:50:55,710 INFO: current user fetched: user_id=1 [in /home/trovas/Downloads/web-design/internet-portal/server/app/routes/auth.py:234]
2025-05-07 16:50:55,740 INFO: Fetching available packages [in /home/trovas/Downloads/web-design/internet-portal/server/app/routes/payments.py:29]
2025-05-07 16:50:55,741 INFO: current user fetched: user_id=1 [in /home/trovas/Downloads/web-design/internet-portal/server/app/routes/auth.py:234]
2025-05-07 16:51:00,456 INFO: Generated 1 access codes for plan_id=1 by user_id=1 [in /home/trovas/Downloads/web-design/internet-portal/server/app/routes/payments.py:275]
2025-05-07 16:51:25,657 WARNING: Activate code failed: Missing MAC address for code=E7GWM0BBX2SC [in /home/trovas/Downloads/web-design/internet-portal/server/app/routes/payments.py:354]
2025-05-07 17:26:51,456 INFO: Internet Portal startup [in /home/trovas/Downloads/web-design/internet-portal/server/app/__init__.py:84]
2025-05-07 17:26:51,540 INFO: Connected to PostgreSQL database [in /home/trovas/Downloads/web-design/internet-portal/server/app/__init__.py:114]
2025-05-07 17:45:44,698 INFO: Internet Portal startup [in /home/trovas/Downloads/web-design/internet-portal/server/app/__init__.py:84]
2025-05-07 17:45:44,772 INFO: Connected to PostgreSQL database [in /home/trovas/Downloads/web-design/internet-portal/server/app/__init__.py:114]
2025-05-07 17:45:46,572 INFO: Internet Portal startup [in /home/trovas/Downloads/web-design/internet-portal/server/app/__init__.py:84]
2025-05-07 17:45:46,641 INFO: Connected to PostgreSQL database [in /home/trovas/Downloads/web-design/internet-portal/server/app/__init__.py:114]
2025-05-07 17:48:29,621 INFO: current user fetched: user_id=1 [in /home/trovas/Downloads/web-design/internet-portal/server/app/routes/auth.py:234]
2025-05-07 17:49:20,734 INFO: current user fetched: user_id=1 [in /home/trovas/Downloads/web-design/internet-portal/server/app/routes/auth.py:234]
2025-05-07 17:53:32,660 INFO: Access code activated: code=E7GWM0BBX2SC, mac_address=unknown [in /home/trovas/Downloads/web-design/internet-portal/server/app/routes/payments.py:373]
2025-05-08 10:46:13,892 INFO: Internet Portal startup [in /home/trovas/Downloads/web-design/internet-portal/server/app/__init__.py:84]
2025-05-08 10:46:13,942 INFO: Connected to PostgreSQL database [in /home/trovas/Downloads/web-design/internet-portal/server/app/__init__.py:114]
2025-05-08 10:46:14,657 INFO: Internet Portal startup [in /home/trovas/Downloads/web-design/internet-portal/server/app/__init__.py:84]
2025-05-08 10:46:14,684 INFO: Connected to PostgreSQL database [in /home/trovas/Downloads/web-design/internet-portal/server/app/__init__.py:114]
2025-05-08 10:47:57,634 INFO: current user fetched: user_id=1 [in /home/trovas/Downloads/web-design/internet-portal/server/app/routes/auth.py:234]
2025-05-08 10:48:01,147 INFO: current user fetched: user_id=1 [in /home/trovas/Downloads/web-design/internet-portal/server/app/routes/auth.py:234]
2025-05-08 10:48:03,247 INFO: Fetching available packages [in /home/trovas/Downloads/web-design/internet-portal/server/app/routes/payments.py:29]
2025-05-08 10:48:03,259 INFO: current user fetched: user_id=1 [in /home/trovas/Downloads/web-design/internet-portal/server/app/routes/auth.py:234]
2025-05-08 10:56:39,792 INFO: current user fetched: user_id=1 [in /home/trovas/Downloads/web-design/internet-portal/server/app/routes/auth.py:234]
2025-05-08 10:56:39,795 INFO: Fetching available packages [in /home/trovas/Downloads/web-design/internet-portal/server/app/routes/payments.py:29]
2025-05-08 10:56:53,244 INFO: Generated 1 access codes for plan_id=1 by user_id=1 [in /home/trovas/Downloads/web-design/internet-portal/server/app/routes/payments.py:275]
2025-05-08 15:31:54,758 INFO: Internet Portal startup [in /home/trovas/Downloads/web-design/internet-portal/server/app/__init__.py:84]
2025-05-08 15:31:54,829 INFO: Connected to PostgreSQL database [in /home/trovas/Downloads/web-design/internet-portal/server/app/__init__.py:114]
2025-05-08 15:31:56,507 INFO: Internet Portal startup [in /home/trovas/Downloads/web-design/internet-portal/server/app/__init__.py:84]
2025-05-08 15:31:56,552 INFO: Connected to PostgreSQL database [in /home/trovas/Downloads/web-design/internet-portal/server/app/__init__.py:114]
2025-05-08 15:37:36,916 INFO: current user fetched: user_id=1 [in /home/trovas/Downloads/web-design/internet-portal/server/app/routes/auth.py:234]
2025-05-08 15:37:42,805 INFO: Fetching available packages [in /home/trovas/Downloads/web-design/internet-portal/server/app/routes/payments.py:29]
2025-05-08 15:37:42,807 INFO: current user fetched: user_id=1 [in /home/trovas/Downloads/web-design/internet-portal/server/app/routes/auth.py:234]
2025-05-09 08:46:37,441 INFO: Internet Portal startup [in /home/trovas/Downloads/web-design/internet-portal/server/app/__init__.py:84]
2025-05-09 08:46:37,543 INFO: Connected to PostgreSQL database [in /home/trovas/Downloads/web-design/internet-portal/server/app/__init__.py:114]
2025-05-09 08:46:39,069 INFO: Internet Portal startup [in /home/trovas/Downloads/web-design/internet-portal/server/app/__init__.py:84]
2025-05-09 08:46:39,132 INFO: Connected to PostgreSQL database [in /home/trovas/Downloads/web-design/internet-portal/server/app/__init__.py:114]
2025-05-09 09:21:01,686 INFO: Internet Portal startup [in /home/trovas/Downloads/web-design/internet-portal/server/app/__init__.py:84]
2025-05-09 09:21:01,775 INFO: Connected to PostgreSQL database [in /home/trovas/Downloads/web-design/internet-portal/server/app/__init__.py:114]
2025-05-09 09:21:05,654 INFO: Internet Portal startup [in /home/trovas/Downloads/web-design/internet-portal/server/app/__init__.py:84]
2025-05-09 09:21:05,707 INFO: Connected to PostgreSQL database [in /home/trovas/Downloads/web-design/internet-portal/server/app/__init__.py:114]
2025-05-09 09:23:12,248 INFO: Internet Portal startup [in /home/trovas/Downloads/web-design/internet-portal/server/app/__init__.py:84]
2025-05-09 09:23:12,291 INFO: Connected to PostgreSQL database [in /home/trovas/Downloads/web-design/internet-portal/server/app/__init__.py:114]
2025-05-09 09:23:13,191 INFO: Internet Portal startup [in /home/trovas/Downloads/web-design/internet-portal/server/app/__init__.py:84]
2025-05-09 09:23:13,228 INFO: Connected to PostgreSQL database [in /home/trovas/Downloads/web-design/internet-portal/server/app/__init__.py:114]
2025-05-09 11:34:18,040 INFO: Internet Portal startup [in /home/trovas/Downloads/web-design/internet-portal/server/app/__init__.py:84]
2025-05-09 11:34:18,312 INFO: Connected to PostgreSQL database [in /home/trovas/Downloads/web-design/internet-portal/server/app/__init__.py:114]
2025-05-10 14:07:41,186 INFO: Internet Portal startup [in /home/trovas/Downloads/web-design/internet-portal/server/app/__init__.py:84]
2025-05-10 14:07:41,241 INFO: Connected to PostgreSQL database [in /home/trovas/Downloads/web-design/internet-portal/server/app/__init__.py:114]
2025-05-10 14:07:41,951 INFO: Internet Portal startup [in /home/trovas/Downloads/web-design/internet-portal/server/app/__init__.py:84]
2025-05-10 14:07:41,982 INFO: Connected to PostgreSQL database [in /home/trovas/Downloads/web-design/internet-portal/server/app/__init__.py:114]
2025-05-10 14:13:18,590 WARNING: Login failed: Invalid credentials for edwin@gmail.com [in /home/trovas/Downloads/web-design/internet-portal/server/app/routes/auth.py:122]
2025-05-10 14:23:25,716 WARNING: Login failed: Invalid credentials for kali@gmail.com [in /home/trovas/Downloads/web-design/internet-portal/server/app/routes/auth.py:122]
2025-05-10 16:22:49,373 WARNING: Login failed: Invalid credentials for kali@gmail.com [in /home/trovas/Downloads/web-design/internet-portal/server/app/routes/auth.py:122]
2025-05-10 16:49:39,291 INFO: Internet Portal startup [in /home/trovas/Downloads/web-design/internet-portal/server/app/__init__.py:84]
2025-05-10 16:49:39,391 INFO: Connected to PostgreSQL database [in /home/trovas/Downloads/web-design/internet-portal/server/app/__init__.py:114]
2025-05-10 16:49:40,512 INFO: Internet Portal startup [in /home/trovas/Downloads/web-design/internet-portal/server/app/__init__.py:84]
2025-05-10 16:49:40,577 INFO: Connected to PostgreSQL database [in /home/trovas/Downloads/web-design/internet-portal/server/app/__init__.py:114]
2025-05-10 16:50:25,146 INFO: User logged in: user_id=1 [in /home/trovas/Downloads/web-design/internet-portal/server/app/routes/auth.py:114]
2025-05-10 16:51:30,612 WARNING: Login failed: Invalid credentials for kali@gmail.com [in /home/trovas/Downloads/web-design/internet-portal/server/app/routes/auth.py:89]
2025-05-10 17:00:27,718 WARNING: Login failed: Invalid credentials for +2567866723468 [in /home/trovas/Downloads/web-design/internet-portal/server/app/routes/auth.py:89]
2025-05-10 17:01:06,127 WARNING: Registration failed: Password too short [in /home/trovas/Downloads/web-design/internet-portal/server/app/routes/auth.py:52]
2025-05-10 17:08:03,138 INFO: Internet Portal startup [in /home/trovas/Downloads/web-design/internet-portal/server/app/__init__.py:84]
2025-05-10 17:08:03,295 INFO: Connected to PostgreSQL database [in /home/trovas/Downloads/web-design/internet-portal/server/app/__init__.py:114]
2025-05-10 17:08:05,814 INFO: Internet Portal startup [in /home/trovas/Downloads/web-design/internet-portal/server/app/__init__.py:84]
2025-05-10 17:08:05,916 INFO: Connected to PostgreSQL database [in /home/trovas/Downloads/web-design/internet-portal/server/app/__init__.py:114]
2025-05-10 17:10:22,434 WARNING: Registration failed: Password too short [in /home/trovas/Downloads/web-design/internet-portal/server/app/routes/auth.py:52]
2025-05-10 17:10:37,974 INFO: User registered: phone=+256756775911, email= [in /home/trovas/Downloads/web-design/internet-portal/server/app/routes/auth.py:61]
2025-05-10 17:10:37,991 INFO: OTP generated for +256756775911: 711047 [in /home/trovas/Downloads/web-design/internet-portal/server/app/routes/auth.py:143]
2025-05-10 17:12:00,753 INFO: Internet Portal startup [in /home/trovas/Downloads/web-design/internet-portal/server/app/__init__.py:84]
2025-05-10 17:12:00,813 INFO: Connected to PostgreSQL database [in /home/trovas/Downloads/web-design/internet-portal/server/app/__init__.py:114]
2025-05-10 17:12:02,340 INFO: Internet Portal startup [in /home/trovas/Downloads/web-design/internet-portal/server/app/__init__.py:84]
2025-05-10 17:12:02,477 INFO: Connected to PostgreSQL database [in /home/trovas/Downloads/web-design/internet-portal/server/app/__init__.py:114]
2025-05-10 17:12:08,199 WARNING: Registration failed: Phone number or email already exists: +256756775911 [in /home/trovas/Downloads/web-design/internet-portal/server/app/routes/auth.py:65]
2025-05-10 17:12:37,448 WARNING: Login failed: Phone not verified for +256756775911 [in /home/trovas/Downloads/web-design/internet-portal/server/app/routes/auth.py:94]
2025-05-10 17:20:01,281 WARNING: Login failed: Invalid credentials for kali@gmail.com [in /home/trovas/Downloads/web-design/internet-portal/server/app/routes/auth.py:89]
2025-05-10 17:20:23,715 WARNING: Login failed: Invalid credentials for kali@gmail.com [in /home/trovas/Downloads/web-design/internet-portal/server/app/routes/auth.py:89]
2025-05-10 17:33:30,028 WARNING: Login failed: Phone not verified for +256756775911 [in /home/trovas/Downloads/web-design/internet-portal/server/app/routes/auth.py:94]
2025-05-10 17:53:46,894 WARNING: Login failed: Phone not verified for +256756775911 [in /home/trovas/Downloads/web-design/internet-portal/server/app/routes/auth.py:94]
2025-05-10 17:59:05,924 WARNING: Login failed: Invalid credentials for kali@gmail.com [in /home/trovas/Downloads/web-design/internet-portal/server/app/routes/auth.py:89]
2025-05-10 18:02:26,598 WARNING: Login failed: Invalid credentials for kali@gmail.com [in /home/trovas/Downloads/web-design/internet-portal/server/app/routes/auth.py:89]
2025-05-10 18:08:52,937 WARNING: Login failed: Invalid credentials for kali@gmail.com [in /home/trovas/Downloads/web-design/internet-portal/server/app/routes/auth.py:89]
2025-05-10 18:09:25,473 WARNING: Login failed: Invalid credentials for kali@gmail.com [in /home/trovas/Downloads/web-design/internet-portal/server/app/routes/auth.py:89]
2025-05-10 18:09:40,334 WARNING: Login failed: Invalid credentials for kali@gmail.com [in /home/trovas/Downloads/web-design/internet-portal/server/app/routes/auth.py:89]
2025-05-10 18:17:08,734 WARNING: Login failed: Invalid credentials for 123647756383 [in /home/trovas/Downloads/web-design/internet-portal/server/app/routes/auth.py:89]
2025-05-10 18:19:51,761 WARNING: Login failed: Invalid credentials for kali@gmail.com [in /home/trovas/Downloads/web-design/internet-portal/server/app/routes/auth.py:89]
2025-05-10 21:19:37,829 WARNING: Login failed: Invalid credentials for +1234567890 [in /home/trovas/Downloads/web-design/internet-portal/server/app/routes/auth.py:89]
2025-05-10 21:20:42,380 WARNING: Login failed: Phone not verified for +256756775911 [in /home/trovas/Downloads/web-design/internet-portal/server/app/routes/auth.py:94]
2025-05-10 21:26:48,990 INFO: OTP generated for +1234567890: 464102 [in /home/trovas/Downloads/web-design/internet-portal/server/app/routes/auth.py:143]
2025-05-10 21:27:11,491 WARNING: Login failed: Phone not verified for +256756775911 [in /home/trovas/Downloads/web-design/internet-portal/server/app/routes/auth.py:94]
2025-05-10 21:27:24,129 WARNING: OTP confirmation failed: Missing phone number or OTP [in /home/trovas/Downloads/web-design/internet-portal/server/app/routes/auth.py:175]
2025-05-10 21:31:02,870 WARNING: Login failed: Phone not verified for +256756775911 [in /home/trovas/Downloads/web-design/internet-portal/server/app/routes/auth.py:94]
2025-05-10 21:33:55,833 INFO: User logged in: user_id=1 [in /home/trovas/Downloads/web-design/internet-portal/server/app/routes/auth.py:114]
2025-05-10 21:34:04,610 INFO: Current admin fetched: admin_id=1 [in /home/trovas/Downloads/web-design/internet-portal/server/app/routes/admin.py:244]
2025-05-10 21:34:04,658 INFO: Current admin fetched: admin_id=1 [in /home/trovas/Downloads/web-design/internet-portal/server/app/routes/admin.py:244]
2025-05-10 21:34:26,858 INFO: Payment history fetched: user_id=1 [in /home/trovas/Downloads/web-design/internet-portal/server/app/routes/payments.py:199]
2025-05-10 21:34:26,874 INFO: Payment history fetched: user_id=1 [in /home/trovas/Downloads/web-design/internet-portal/server/app/routes/payments.py:199]
2025-05-10 21:34:27,107 INFO: Current admin fetched: admin_id=1 [in /home/trovas/Downloads/web-design/internet-portal/server/app/routes/admin.py:244]
2025-05-10 21:34:27,119 INFO: Current admin fetched: admin_id=1 [in /home/trovas/Downloads/web-design/internet-portal/server/app/routes/admin.py:244]
2025-05-10 21:34:59,767 INFO: Payment history fetched: user_id=1 [in /home/trovas/Downloads/web-design/internet-portal/server/app/routes/payments.py:199]
2025-05-10 21:34:59,786 INFO: Payment history fetched: user_id=1 [in /home/trovas/Downloads/web-design/internet-portal/server/app/routes/payments.py:199]
2025-05-10 21:34:59,974 INFO: Current admin fetched: admin_id=1 [in /home/trovas/Downloads/web-design/internet-portal/server/app/routes/admin.py:244]
2025-05-10 21:34:59,992 INFO: Current admin fetched: admin_id=1 [in /home/trovas/Downloads/web-design/internet-portal/server/app/routes/admin.py:244]
2025-05-10 21:35:06,652 INFO: Current admin fetched: admin_id=1 [in /home/trovas/Downloads/web-design/internet-portal/server/app/routes/admin.py:244]
2025-05-10 21:35:06,668 INFO: Current admin fetched: admin_id=1 [in /home/trovas/Downloads/web-design/internet-portal/server/app/routes/admin.py:244]
2025-05-10 21:35:12,480 INFO: User logged out [in /home/trovas/Downloads/web-design/internet-portal/server/app/routes/auth.py:123]
2025-05-10 21:39:55,117 INFO: Internet Portal startup [in /home/trovas/Downloads/web-design/internet-portal/server/app/__init__.py:84]
2025-05-10 21:39:55,243 INFO: Connected to PostgreSQL database [in /home/trovas/Downloads/web-design/internet-portal/server/app/__init__.py:114]
2025-05-10 21:41:59,327 INFO: User not found: phone=+1234567890 [in /home/trovas/Downloads/web-design/internet-portal/server/app/routes/auth.py:239]
2025-05-10 21:42:19,735 INFO: User found: phone=+256786673468, verified=True [in /home/trovas/Downloads/web-design/internet-portal/server/app/routes/auth.py:241]
2025-05-10 21:43:51,316 INFO: User found: phone=+256756775911, verified=False [in /home/trovas/Downloads/web-design/internet-portal/server/app/routes/auth.py:241]
2025-05-10 21:43:51,954 WARNING: Login failed: Phone not verified for +256756775911 [in /home/trovas/Downloads/web-design/internet-portal/server/app/routes/auth.py:94]
2025-05-10 21:43:51,981 INFO: OTP generated for +256756775911: 839692 [in /home/trovas/Downloads/web-design/internet-portal/server/app/routes/auth.py:143]
2025-05-10 21:50:50,591 INFO: OTP generated for +256786673468: 702259 [in /home/trovas/Downloads/web-design/internet-portal/server/app/routes/auth.py:143]
2025-05-10 21:53:08,762 INFO: Internet Portal startup [in /home/trovas/Downloads/web-design/internet-portal/server/app/__init__.py:84]
2025-05-10 21:53:08,845 INFO: Connected to PostgreSQL database [in /home/trovas/Downloads/web-design/internet-portal/server/app/__init__.py:114]
2025-05-10 21:54:03,608 INFO: Internet Portal startup [in /home/trovas/Downloads/web-design/internet-portal/server/app/__init__.py:84]
2025-05-10 21:54:03,740 INFO: Connected to PostgreSQL database [in /home/trovas/Downloads/web-design/internet-portal/server/app/__init__.py:114]
2025-05-10 21:57:47,302 INFO: Internet Portal startup [in /home/trovas/Downloads/web-design/internet-portal/server/app/__init__.py:89]
2025-05-10 21:57:47,362 INFO: Connected to PostgreSQL database [in /home/trovas/Downloads/web-design/internet-portal/server/app/__init__.py:119]
2025-05-10 21:57:48,918 INFO: Internet Portal startup [in /home/trovas/Downloads/web-design/internet-portal/server/app/__init__.py:89]
2025-05-10 21:57:48,973 INFO: Connected to PostgreSQL database [in /home/trovas/Downloads/web-design/internet-portal/server/app/__init__.py:119]
2025-05-10 22:00:43,759 INFO: User found: phone=+256756775911, verified=False [in /home/trovas/Downloads/web-design/internet-portal/server/app/routes/auth.py:250]
2025-05-10 22:00:44,396 WARNING: Login failed: Phone not verified for +256756775911 [in /home/trovas/Downloads/web-design/internet-portal/server/app/routes/auth.py:95]
2025-05-10 22:00:44,426 INFO: OTP generated for +256756775911: 156332 [in /home/trovas/Downloads/web-design/internet-portal/server/app/routes/auth.py:144]
2025-05-10 22:00:45,604 ERROR: Twilio error: phone=+256756775911, error=
[31m[49mHTTP Error[0m [37m[49mYour request was:[0m

[36m[49mPOST /Accounts/ACbd6029a01d22cb4a524125ddae779ac4/Messages.json[0m

[37m[49mTwilio returned the following information:[0m

[34m[49mUnable to create record: Authenticate[0m

[37m[49mMore information may be available here:[0m

[34m[49mhttps://www.twilio.com/docs/errors/20003[0m

 [in /home/trovas/Downloads/web-design/internet-portal/server/app/routes/auth.py:159]
2025-05-10 22:02:32,383 INFO: User found: phone=+256756775911, verified=False [in /home/trovas/Downloads/web-design/internet-portal/server/app/routes/auth.py:250]
2025-05-10 22:02:33,006 WARNING: Login failed: Phone not verified for +256756775911 [in /home/trovas/Downloads/web-design/internet-portal/server/app/routes/auth.py:95]
2025-05-10 22:02:33,027 INFO: OTP generated for +256756775911: 115318 [in /home/trovas/Downloads/web-design/internet-portal/server/app/routes/auth.py:144]
2025-05-10 22:02:34,417 ERROR: Twilio error: phone=+256756775911, error=
[31m[49mHTTP Error[0m [37m[49mYour request was:[0m

[36m[49mPOST /Accounts/ACbd6029a01d22cb4a524125ddae779ac4/Messages.json[0m

[37m[49mTwilio returned the following information:[0m

[34m[49mUnable to create record: Authenticate[0m

[37m[49mMore information may be available here:[0m

[34m[49mhttps://www.twilio.com/docs/errors/20003[0m

 [in /home/trovas/Downloads/web-design/internet-portal/server/app/routes/auth.py:159]
2025-05-10 22:03:30,592 INFO: User found: phone=+256756775911, verified=False [in /home/trovas/Downloads/web-design/internet-portal/server/app/routes/auth.py:250]
2025-05-10 22:03:31,251 WARNING: Login failed: Phone not verified for +256756775911 [in /home/trovas/Downloads/web-design/internet-portal/server/app/routes/auth.py:95]
2025-05-10 22:03:31,279 INFO: OTP generated for +256756775911: 211788 [in /home/trovas/Downloads/web-design/internet-portal/server/app/routes/auth.py:144]
2025-05-10 22:03:32,276 ERROR: Twilio error: phone=+256756775911, error=
[31m[49mHTTP Error[0m [37m[49mYour request was:[0m

[36m[49mPOST /Accounts/ACbd6029a01d22cb4a524125ddae779ac4/Messages.json[0m

[37m[49mTwilio returned the following information:[0m

[34m[49mUnable to create record: Authenticate[0m

[37m[49mMore information may be available here:[0m

[34m[49mhttps://www.twilio.com/docs/errors/20003[0m

 [in /home/trovas/Downloads/web-design/internet-portal/server/app/routes/auth.py:159]
2025-05-10 22:04:06,759 INFO: User found: phone=+256786673468, verified=True [in /home/trovas/Downloads/web-design/internet-portal/server/app/routes/auth.py:250]
2025-05-10 22:04:07,336 WARNING: Login failed: Invalid credentials for +256786673468 [in /home/trovas/Downloads/web-design/internet-portal/server/app/routes/auth.py:90]
2025-05-10 22:10:42,775 WARNING: Login failed: Invalid credentials for +256786673468 [in /home/trovas/Downloads/web-design/internet-portal/server/app/routes/auth.py:90]
2025-05-10 22:10:58,008 INFO: User found: phone=+256786673468, verified=True [in /home/trovas/Downloads/web-design/internet-portal/server/app/routes/auth.py:250]
2025-05-10 22:10:58,655 WARNING: Login failed: Invalid credentials for +256786673468 [in /home/trovas/Downloads/web-design/internet-portal/server/app/routes/auth.py:90]
2025-05-10 22:15:04,660 INFO: User not found: phone=+1234567890 [in /home/trovas/Downloads/web-design/internet-portal/server/app/routes/auth.py:248]
2025-05-10 22:15:15,026 WARNING: Login failed: Invalid credentials for +256786673468 [in /home/trovas/Downloads/web-design/internet-portal/server/app/routes/auth.py:90]
2025-05-10 22:15:29,760 INFO: OTP generated for +256786673468: 019447 [in /home/trovas/Downloads/web-design/internet-portal/server/app/routes/auth.py:144]
2025-05-10 22:15:30,434 ERROR: Twilio error: phone=+256786673468, error=
[31m[49mHTTP Error[0m [37m[49mYour request was:[0m

[36m[49mPOST /Accounts/ACbd6029a01d22cb4a524125ddae779ac4/Messages.json[0m

[37m[49mTwilio returned the following information:[0m

[34m[49mUnable to create record: Authenticate[0m

[37m[49mMore information may be available here:[0m

[34m[49mhttps://www.twilio.com/docs/errors/20003[0m

 [in /home/trovas/Downloads/web-design/internet-portal/server/app/routes/auth.py:159]
2025-05-10 22:22:45,541 INFO: Internet Portal startup [in /home/trovas/Downloads/web-design/internet-portal/server/app/__init__.py:89]
2025-05-10 22:22:45,750 INFO: Connected to PostgreSQL database [in /home/trovas/Downloads/web-design/internet-portal/server/app/__init__.py:119]
2025-05-10 22:23:36,172 INFO: User not found: phone=+1234567890 [in /home/trovas/Downloads/web-design/internet-portal/server/app/routes/auth.py:248]
2025-05-10 22:23:43,249 WARNING: Login failed: Invalid credentials for +256786673468 [in /home/trovas/Downloads/web-design/internet-portal/server/app/routes/auth.py:90]
2025-05-10 22:23:52,161 WARNING: Registration failed: Password too short [in /home/trovas/Downloads/web-design/internet-portal/server/app/routes/auth.py:53]
2025-05-10 22:24:15,878 INFO: User registered: phone=+1234567890, email=None [in /home/trovas/Downloads/web-design/internet-portal/server/app/routes/auth.py:62]
2025-05-10 22:25:07,451 INFO: User found: phone=+256786673468, verified=True [in /home/trovas/Downloads/web-design/internet-portal/server/app/routes/auth.py:250]
2025-05-10 22:25:08,083 WARNING: Login failed: Invalid credentials for +256786673468 [in /home/trovas/Downloads/web-design/internet-portal/server/app/routes/auth.py:90]
2025-05-10 22:29:54,159 INFO: User found: phone=+256786673468, verified=True [in /home/trovas/Downloads/web-design/internet-portal/server/app/routes/auth.py:250]
2025-05-10 22:29:54,798 WARNING: Login failed: Invalid credentials for +256786673468 [in /home/trovas/Downloads/web-design/internet-portal/server/app/routes/auth.py:90]
2025-05-10 22:30:08,166 INFO: User found: phone=+256756775911, verified=False [in /home/trovas/Downloads/web-design/internet-portal/server/app/routes/auth.py:250]
2025-05-10 22:30:08,763 WARNING: Login failed: Phone not verified for +256756775911 [in /home/trovas/Downloads/web-design/internet-portal/server/app/routes/auth.py:95]
2025-05-10 22:30:31,796 WARNING: Registration failed: Phone number or email already exists: +256756775911 [in /home/trovas/Downloads/web-design/internet-portal/server/app/routes/auth.py:66]
2025-05-10 22:42:29,430 INFO: Internet Portal startup [in /home/trovas/Downloads/web-design/internet-portal/server/app/__init__.py:89]
2025-05-10 22:42:29,639 INFO: Connected to PostgreSQL database [in /home/trovas/Downloads/web-design/internet-portal/server/app/__init__.py:119]
2025-05-10 22:43:32,954 INFO: Internet Portal startup [in /home/trovas/Downloads/web-design/internet-portal/server/app/__init__.py:89]
2025-05-10 22:43:33,037 INFO: Connected to PostgreSQL database [in /home/trovas/Downloads/web-design/internet-portal/server/app/__init__.py:119]
2025-05-10 22:43:39,468 INFO: Internet Portal startup [in /home/trovas/Downloads/web-design/internet-portal/server/app/__init__.py:89]
2025-05-10 22:43:39,549 INFO: Connected to PostgreSQL database [in /home/trovas/Downloads/web-design/internet-portal/server/app/__init__.py:119]
2025-05-10 22:43:51,577 INFO: Internet Portal startup [in /home/trovas/Downloads/web-design/internet-portal/server/app/__init__.py:89]
2025-05-10 22:43:51,671 INFO: Connected to PostgreSQL database [in /home/trovas/Downloads/web-design/internet-portal/server/app/__init__.py:119]
2025-05-10 22:43:54,973 INFO: Internet Portal startup [in /home/trovas/Downloads/web-design/internet-portal/server/app/__init__.py:89]
2025-05-10 22:43:55,056 INFO: Connected to PostgreSQL database [in /home/trovas/Downloads/web-design/internet-portal/server/app/__init__.py:119]
2025-05-10 22:45:47,186 INFO: Internet Portal startup [in /home/trovas/Downloads/web-design/internet-portal/server/app/__init__.py:89]
2025-05-10 22:45:47,252 INFO: Connected to PostgreSQL database [in /home/trovas/Downloads/web-design/internet-portal/server/app/__init__.py:119]
2025-05-10 22:52:36,320 WARNING: Registration failed: Password too short [in /home/trovas/Downloads/web-design/internet-portal/server/app/routes/auth.py:55]
2025-05-10 22:52:40,159 INFO: Attempting registration: phone_number=+1234567890, email=None [in /home/trovas/Downloads/web-design/internet-portal/server/app/routes/auth.py:66]
2025-05-10 22:52:40,702 INFO: User registered successfully: phone_number=+1234567890 [in /home/trovas/Downloads/web-design/internet-portal/server/app/routes/auth.py:75]
2025-05-10 22:52:52,112 WARNING: Registration failed: Password too short [in /home/trovas/Downloads/web-design/internet-portal/server/app/routes/auth.py:55]
2025-05-10 22:53:00,404 WARNING: Registration failed: Duplicate found - phone_number=+256786673468, email=None [in /home/trovas/Downloads/web-design/internet-portal/server/app/routes/auth.py:63]
2025-05-10 22:53:11,150 INFO: User found: phone=+1234567890, verified=False [in /home/trovas/Downloads/web-design/internet-portal/server/app/routes/auth.py:272]
2025-05-10 22:54:37,446 WARNING: Registration failed: Duplicate found - phone_number=+256756775911, email= [in /home/trovas/Downloads/web-design/internet-portal/server/app/routes/auth.py:63]
2025-05-10 23:04:05,926 WARNING: Registration failed: Duplicate found - phone_number=+256756775911, email= [in /home/trovas/Downloads/web-design/internet-portal/server/app/routes/auth.py:63]
2025-05-10 23:08:50,643 WARNING: Registration failed: Duplicate found - phone_number=+256756775911, email= [in /home/trovas/Downloads/web-design/internet-portal/server/app/routes/auth.py:63]
2025-05-10 23:09:10,301 INFO: Internet Portal startup [in /home/trovas/Downloads/web-design/internet-portal/server/app/__init__.py:89]
2025-05-10 23:09:10,465 INFO: Connected to PostgreSQL database [in /home/trovas/Downloads/web-design/internet-portal/server/app/__init__.py:119]
2025-05-10 23:09:14,183 INFO: Internet Portal startup [in /home/trovas/Downloads/web-design/internet-portal/server/app/__init__.py:89]
2025-05-10 23:09:14,351 INFO: Connected to PostgreSQL database [in /home/trovas/Downloads/web-design/internet-portal/server/app/__init__.py:119]
2025-05-10 23:10:40,401 INFO: User found: phone=+256756775911, verified=False [in /home/trovas/Downloads/web-design/internet-portal/server/app/routes/auth.py:272]
2025-05-10 23:10:41,499 WARNING: Login failed: Phone not verified for +256756775911 [in /home/trovas/Downloads/web-design/internet-portal/server/app/routes/auth.py:117]
2025-05-10 23:10:57,227 WARNING: Registration failed: Duplicate found - phone_number=+256756775911, email= [in /home/trovas/Downloads/web-design/internet-portal/server/app/routes/auth.py:63]
2025-05-11 07:31:35,507 INFO: Internet Portal startup [in /home/trovas/Downloads/web-design/internet-portal/server/app/__init__.py:89]
2025-05-11 07:31:35,642 INFO: Connected to PostgreSQL database [in /home/trovas/Downloads/web-design/internet-portal/server/app/__init__.py:119]
2025-05-11 07:31:36,487 INFO: Internet Portal startup [in /home/trovas/Downloads/web-design/internet-portal/server/app/__init__.py:89]
2025-05-11 07:31:36,527 INFO: Connected to PostgreSQL database [in /home/trovas/Downloads/web-design/internet-portal/server/app/__init__.py:119]
2025-05-11 07:39:11,681 INFO: User found: phone=+256756775911, verified=False [in /home/trovas/Downloads/web-design/internet-portal/server/app/routes/auth.py:272]
2025-05-11 07:39:11,953 WARNING: Login failed: Phone not verified for +256756775911 [in /home/trovas/Downloads/web-design/internet-portal/server/app/routes/auth.py:117]
2025-05-11 07:39:30,459 WARNING: Registration failed: Duplicate found - phone_number=+256756775911, email= [in /home/trovas/Downloads/web-design/internet-portal/server/app/routes/auth.py:63]
2025-05-11 07:46:06,240 INFO: User not found: phone=+256756775911 [in /home/trovas/Downloads/web-design/internet-portal/server/app/routes/auth.py:270]
2025-05-11 07:46:40,984 INFO: User not found: phone=+256756775911 [in /home/trovas/Downloads/web-design/internet-portal/server/app/routes/auth.py:270]
2025-05-11 07:46:49,641 INFO: Attempting registration: phone_number=+256756775911, email= [in /home/trovas/Downloads/web-design/internet-portal/server/app/routes/auth.py:66]
2025-05-11 07:46:49,933 INFO: User registered successfully: phone_number=+256756775911 [in /home/trovas/Downloads/web-design/internet-portal/server/app/routes/auth.py:75]
2025-05-11 07:46:59,890 INFO: User found: phone=+256756775911, verified=False [in /home/trovas/Downloads/web-design/internet-portal/server/app/routes/auth.py:272]
2025-05-11 07:47:00,166 WARNING: Login failed: Phone not verified for +256756775911 [in /home/trovas/Downloads/web-design/internet-portal/server/app/routes/auth.py:117]
2025-05-11 07:53:12,635 INFO: User found: phone=+256756775911, verified=False [in /home/trovas/Downloads/web-design/internet-portal/server/app/routes/auth.py:272]
2025-05-11 07:53:12,922 WARNING: Login failed: Phone not verified for +256756775911 [in /home/trovas/Downloads/web-design/internet-portal/server/app/routes/auth.py:117]
2025-05-11 07:54:02,976 INFO: User found: phone=+256756775911, verified=False [in /home/trovas/Downloads/web-design/internet-portal/server/app/routes/auth.py:272]
2025-05-11 07:54:03,261 WARNING: Login failed: Phone not verified for +256756775911 [in /home/trovas/Downloads/web-design/internet-portal/server/app/routes/auth.py:117]
2025-05-11 07:59:11,059 INFO: User found: phone=+256756775911, verified=False [in /home/trovas/Downloads/web-design/internet-portal/server/app/routes/auth.py:272]
2025-05-11 07:59:11,349 WARNING: Login failed: Phone not verified for +256756775911 [in /home/trovas/Downloads/web-design/internet-portal/server/app/routes/auth.py:117]
2025-05-11 08:08:21,684 INFO: Internet Portal startup [in /home/trovas/Downloads/web-design/internet-portal/server/app/__init__.py:89]
2025-05-11 08:08:21,746 INFO: Connected to PostgreSQL database [in /home/trovas/Downloads/web-design/internet-portal/server/app/__init__.py:119]
2025-05-11 08:08:24,250 INFO: Internet Portal startup [in /home/trovas/Downloads/web-design/internet-portal/server/app/__init__.py:89]
2025-05-11 08:08:24,305 INFO: Connected to PostgreSQL database [in /home/trovas/Downloads/web-design/internet-portal/server/app/__init__.py:119]
2025-05-11 08:23:58,663 INFO: Internet Portal startup [in /home/trovas/Downloads/web-design/internet-portal/server/app/__init__.py:89]
2025-05-11 08:23:58,711 INFO: Connected to PostgreSQL database [in /home/trovas/Downloads/web-design/internet-portal/server/app/__init__.py:119]
2025-05-11 08:23:59,560 INFO: Internet Portal startup [in /home/trovas/Downloads/web-design/internet-portal/server/app/__init__.py:89]
2025-05-11 08:23:59,599 INFO: Connected to PostgreSQL database [in /home/trovas/Downloads/web-design/internet-portal/server/app/__init__.py:119]
2025-05-11 08:24:05,705 INFO: User found: phone=+256756775911, verified=False [in /home/trovas/Downloads/web-design/internet-portal/server/app/routes/auth.py:276]
2025-05-11 08:24:06,015 INFO: User logged in: user_id=7 [in /home/trovas/Downloads/web-design/internet-portal/server/app/routes/auth.py:141]
2025-05-11 08:24:37,655 INFO: User found: phone=+256756775911, verified=False [in /home/trovas/Downloads/web-design/internet-portal/server/app/routes/auth.py:276]
2025-05-11 08:24:38,007 WARNING: Login failed: Invalid credentials for +256756775911 [in /home/trovas/Downloads/web-design/internet-portal/server/app/routes/auth.py:117]
2025-05-11 08:24:46,852 INFO: User found: phone=+256756775911, verified=False [in /home/trovas/Downloads/web-design/internet-portal/server/app/routes/auth.py:276]
2025-05-11 08:24:47,212 INFO: User logged in: user_id=7 [in /home/trovas/Downloads/web-design/internet-portal/server/app/routes/auth.py:141]
2025-05-11 08:25:18,223 INFO: User found: phone=+256756775911, verified=False [in /home/trovas/Downloads/web-design/internet-portal/server/app/routes/auth.py:276]
2025-05-11 08:25:18,542 INFO: User logged in: user_id=7 [in /home/trovas/Downloads/web-design/internet-portal/server/app/routes/auth.py:141]
2025-05-11 08:26:35,323 INFO: User not found: phone=+256756775911 [in /home/trovas/Downloads/web-design/internet-portal/server/app/routes/auth.py:274]
2025-05-11 08:41:17,794 INFO: User not found: phone=+256756775911 [in /home/trovas/Downloads/web-design/internet-portal/server/app/routes/auth.py:274]
2025-05-11 08:46:47,487 INFO: User not found: phone=+256756775911 [in /home/trovas/Downloads/web-design/internet-portal/server/app/routes/auth.py:274]
2025-05-11 08:55:57,832 INFO: Attempting registration: phone_number=+256756775911, email= [in /home/trovas/Downloads/web-design/internet-portal/server/app/routes/auth.py:66]
2025-05-11 08:55:58,246 INFO: User registered successfully: phone_number=+256756775911 [in /home/trovas/Downloads/web-design/internet-portal/server/app/routes/auth.py:80]
2025-05-11 08:56:08,213 INFO: User found: phone=+256756775911, verified=True [in /home/trovas/Downloads/web-design/internet-portal/server/app/routes/auth.py:276]
2025-05-11 08:56:08,564 INFO: User logged in: user_id=8 [in /home/trovas/Downloads/web-design/internet-portal/server/app/routes/auth.py:141]
2025-05-11 08:56:27,708 INFO: User found: phone=+256756775911, verified=True [in /home/trovas/Downloads/web-design/internet-portal/server/app/routes/auth.py:276]
2025-05-11 08:56:28,069 INFO: User logged in: user_id=8 [in /home/trovas/Downloads/web-design/internet-portal/server/app/routes/auth.py:141]
2025-05-11 08:57:47,963 INFO: Admin login attempt: Username/password verified for username=superadmin, temp token issued [in /home/trovas/Downloads/web-design/internet-portal/server/app/routes/admin.py:45]
2025-05-11 08:58:33,767 INFO: Current admin fetched: admin_id=1 [in /home/trovas/Downloads/web-design/internet-portal/server/app/routes/admin.py:244]
2025-05-11 08:58:33,774 INFO: Current admin fetched: admin_id=1 [in /home/trovas/Downloads/web-design/internet-portal/server/app/routes/admin.py:244]
2025-05-11 08:58:58,912 INFO: Fetching available packages [in /home/trovas/Downloads/web-design/internet-portal/server/app/routes/payments.py:29]
2025-05-11 08:58:58,915 INFO: Current admin fetched: admin_id=1 [in /home/trovas/Downloads/web-design/internet-portal/server/app/routes/admin.py:244]
2025-05-11 08:58:58,919 INFO: Fetching available packages [in /home/trovas/Downloads/web-design/internet-portal/server/app/routes/payments.py:29]
2025-05-11 08:58:58,927 INFO: Current admin fetched: admin_id=1 [in /home/trovas/Downloads/web-design/internet-portal/server/app/routes/admin.py:244]
2025-05-11 08:59:06,748 INFO: Current admin fetched: admin_id=1 [in /home/trovas/Downloads/web-design/internet-portal/server/app/routes/admin.py:244]
2025-05-11 08:59:06,757 INFO: Current admin fetched: admin_id=1 [in /home/trovas/Downloads/web-design/internet-portal/server/app/routes/admin.py:244]
2025-05-11 08:59:11,712 INFO: Current admin fetched: admin_id=1 [in /home/trovas/Downloads/web-design/internet-portal/server/app/routes/admin.py:244]
2025-05-11 08:59:11,720 INFO: Current admin fetched: admin_id=1 [in /home/trovas/Downloads/web-design/internet-portal/server/app/routes/admin.py:244]
2025-05-11 08:59:25,379 INFO: Payment history fetched: user_id=1 [in /home/trovas/Downloads/web-design/internet-portal/server/app/routes/payments.py:199]
2025-05-11 08:59:25,394 INFO: Payment history fetched: user_id=1 [in /home/trovas/Downloads/web-design/internet-portal/server/app/routes/payments.py:199]
2025-05-11 08:59:25,492 INFO: Current admin fetched: admin_id=1 [in /home/trovas/Downloads/web-design/internet-portal/server/app/routes/admin.py:244]
2025-05-11 08:59:25,503 INFO: Current admin fetched: admin_id=1 [in /home/trovas/Downloads/web-design/internet-portal/server/app/routes/admin.py:244]
2025-05-11 08:59:34,452 INFO: Current admin fetched: admin_id=1 [in /home/trovas/Downloads/web-design/internet-portal/server/app/routes/admin.py:244]
2025-05-11 08:59:34,459 INFO: Current admin fetched: admin_id=1 [in /home/trovas/Downloads/web-design/internet-portal/server/app/routes/admin.py:244]
2025-05-11 09:00:08,682 INFO: Current admin fetched: admin_id=1 [in /home/trovas/Downloads/web-design/internet-portal/server/app/routes/admin.py:244]
2025-05-11 09:00:08,688 INFO: Current admin fetched: admin_id=1 [in /home/trovas/Downloads/web-design/internet-portal/server/app/routes/admin.py:244]
2025-05-11 09:00:25,515 INFO: Current admin fetched: admin_id=1 [in /home/trovas/Downloads/web-design/internet-portal/server/app/routes/admin.py:244]
2025-05-11 09:00:27,930 INFO: Current admin fetched: admin_id=1 [in /home/trovas/Downloads/web-design/internet-portal/server/app/routes/admin.py:244]
2025-05-11 09:01:50,782 INFO: Internet Portal startup [in /home/trovas/Downloads/web-design/internet-portal/server/app/__init__.py:89]
2025-05-11 09:01:50,834 INFO: Connected to PostgreSQL database [in /home/trovas/Downloads/web-design/internet-portal/server/app/__init__.py:119]
2025-05-11 09:01:52,197 INFO: Internet Portal startup [in /home/trovas/Downloads/web-design/internet-portal/server/app/__init__.py:89]
2025-05-11 09:01:52,233 INFO: Connected to PostgreSQL database [in /home/trovas/Downloads/web-design/internet-portal/server/app/__init__.py:119]
2025-05-11 09:02:08,647 INFO: Current admin fetched: admin_id=1 [in /home/trovas/Downloads/web-design/internet-portal/server/app/routes/admin.py:244]
2025-05-11 09:02:13,600 INFO: User logged out [in /home/trovas/Downloads/web-design/internet-portal/server/app/routes/auth.py:150]
2025-05-22 16:18:17,692 INFO: Internet Portal startup [in /home/trovas/Downloads/web-design/internet-portal/server/app/__init__.py:89]
2025-05-22 16:18:17,787 INFO: Connected to PostgreSQL database [in /home/trovas/Downloads/web-design/internet-portal/server/app/__init__.py:119]
2025-05-22 16:18:20,054 INFO: Internet Portal startup [in /home/trovas/Downloads/web-design/internet-portal/server/app/__init__.py:89]
2025-05-22 16:18:20,142 INFO: Connected to PostgreSQL database [in /home/trovas/Downloads/web-design/internet-portal/server/app/__init__.py:119]
2025-05-23 11:27:03,481 INFO: Internet Portal startup [in /home/trovas/Downloads/web-design/internet-portal/server/app/__init__.py:89]
2025-05-23 11:27:03,534 INFO: Connected to PostgreSQL database [in /home/trovas/Downloads/web-design/internet-portal/server/app/__init__.py:119]
2025-05-23 11:27:04,504 INFO: Internet Portal startup [in /home/trovas/Downloads/web-design/internet-portal/server/app/__init__.py:89]
2025-05-23 11:27:04,542 INFO: Connected to PostgreSQL database [in /home/trovas/Downloads/web-design/internet-portal/server/app/__init__.py:119]
2025-06-26 23:44:12,546 INFO: Internet Portal startup [in /home/trovas/Downloads/web-design/internet-portal/server/app/__init__.py:89]
2025-06-26 23:44:12,686 INFO: Connected to PostgreSQL database [in /home/trovas/Downloads/web-design/internet-portal/server/app/__init__.py:119]
2025-06-26 23:44:14,218 INFO: Internet Portal startup [in /home/trovas/Downloads/web-design/internet-portal/server/app/__init__.py:89]
2025-06-26 23:44:14,262 INFO: Connected to PostgreSQL database [in /home/trovas/Downloads/web-design/internet-portal/server/app/__init__.py:119]
2025-06-26 23:48:19,567 INFO: Fetching available packages [in /home/trovas/Downloads/web-design/internet-portal/server/app/routes/payments.py:29]
2025-06-26 23:48:19,590 INFO: Fetching available packages [in /home/trovas/Downloads/web-design/internet-portal/server/app/routes/payments.py:29]
2025-06-26 23:50:23,114 INFO: Fetching available packages [in /home/trovas/Downloads/web-design/internet-portal/server/app/routes/payments.py:29]
2025-06-26 23:53:09,419 WARNING: Check user failed: Invalid phone number format: superadmin [in /home/trovas/Downloads/web-design/internet-portal/server/app/routes/auth.py:269]
2025-06-26 23:54:19,131 INFO: Admin login attempt: Username/password verified for username=superadmin, temp token issued [in /home/trovas/Downloads/web-design/internet-portal/server/app/routes/admin.py:45]
2025-06-26 23:55:54,145 INFO: Current admin fetched: admin_id=1 [in /home/trovas/Downloads/web-design/internet-portal/server/app/routes/admin.py:244]
2025-06-26 23:55:54,164 INFO: Current admin fetched: admin_id=1 [in /home/trovas/Downloads/web-design/internet-portal/server/app/routes/admin.py:244]
2025-06-27 02:18:33,694 INFO: Internet Portal startup [in /home/trovas/Downloads/wifi-auth-and-ctrl/server/app/__init__.py:89]
2025-06-27 02:18:33,774 INFO: Connected to PostgreSQL database [in /home/trovas/Downloads/wifi-auth-and-ctrl/server/app/__init__.py:119]
2025-06-27 02:18:41,506 INFO: Internet Portal startup [in /home/trovas/Downloads/wifi-auth-and-ctrl/server/app/__init__.py:89]
2025-06-27 02:18:41,538 INFO: Connected to PostgreSQL database [in /home/trovas/Downloads/wifi-auth-and-ctrl/server/app/__init__.py:119]
2025-06-27 02:18:54,979 INFO: Internet Portal startup [in /home/trovas/Downloads/wifi-auth-and-ctrl/server/app/__init__.py:89]
2025-06-27 02:18:55,013 INFO: Connected to PostgreSQL database [in /home/trovas/Downloads/wifi-auth-and-ctrl/server/app/__init__.py:119]
2025-06-27 02:18:55,809 INFO: Internet Portal startup [in /home/trovas/Downloads/wifi-auth-and-ctrl/server/app/__init__.py:89]
2025-06-27 02:18:55,840 INFO: Connected to PostgreSQL database [in /home/trovas/Downloads/wifi-auth-and-ctrl/server/app/__init__.py:119]
